!SESSION 2014-10-02 15:47:24.007 -----------------------------------------------
eclipse.buildId=unknown
java.version=1.7.0_51
java.vendor=Oracle Corporation
BootLoader constants: OS=win32, ARCH=x86_64, WS=win32, NL=ko_KR
Command-line arguments:  -dev file:E:/[ETRI]/Java/workspace_lorpedo/.metadata/.plugins/org.eclipse.pde.core/OSGi Framework/dev.properties -os win32 -ws win32 -arch x86_64

!ENTRY org.eclipse.update.configurator 4 0 2014-10-02 15:47:25.924
!MESSAGE Could not install bundle plugins/ch.qos.logback.classic_1.0.7.v20121108-1250.jar   Bundle "ch.qos.logback.classic" version "1.0.7.v20121108-1250" has already been installed from: reference:file:/C:/Users/labry/Downloads/eclipse-jee-kepler-SR2-win32-x86_64/eclipse/plugins/ch.qos.logback.classic_1.0.7.v20121108-1250.jar

!ENTRY org.eclipse.update.configurator 4 0 2014-10-02 15:47:25.928
!MESSAGE Could not install bundle plugins/ch.qos.logback.core_1.0.7.v20121108-1250.jar   Bundle "ch.qos.logback.core" version "1.0.7.v20121108-1250" has already been installed from: reference:file:/C:/Users/labry/Downloads/eclipse-jee-kepler-SR2-win32-x86_64/eclipse/plugins/ch.qos.logback.core_1.0.7.v20121108-1250.jar

!ENTRY org.eclipse.update.configurator 4 0 2014-10-02 15:47:25.936
!MESSAGE Could not install bundle plugins/ch.qos.logback.slf4j_1.0.7.v20121108-1250.jar   Bundle "ch.qos.logback.slf4j" version "1.0.7.v20121108-1250" has already been installed from: reference:file:/C:/Users/labry/Downloads/eclipse-jee-kepler-SR2-win32-x86_64/eclipse/plugins/ch.qos.logback.slf4j_1.0.7.v20121108-1250.jar

!ENTRY org.eclipse.update.configurator 4 0 2014-10-02 15:47:25.941
!MESSAGE Could not install bundle plugins/com.ibm.icu_50.1.1.v201304230130.jar   Bundle "com.ibm.icu" version "50.1.1.v201304230130" has already been installed from: reference:file:/C:/Users/labry/Downloads/eclipse-jee-kepler-SR2-win32-x86_64/eclipse/plugins/com.ibm.icu_50.1.1.v201304230130.jar

!ENTRY org.eclipse.update.configurator 4 0 2014-10-02 15:47:25.943
!MESSAGE Could not install bundle plugins/com.jcraft.jsch_0.1.50.v201310081430.jar   Bundle "com.jcraft.jsch" version "0.1.50.v201310081430" has already been installed from: reference:file:/C:/Users/labry/Downloads/eclipse-jee-kepler-SR2-win32-x86_64/eclipse/plugins/com.jcraft.jsch_0.1.50.v201310081430.jar

!ENTRY org.eclipse.update.configurator 4 0 2014-10-02 15:47:25.948
!MESSAGE Could not install bundle plugins/com.ning.async-http-client_1.6.5.20130531-2315.jar   Bundle "com.ning.async-http-client" version "1.6.5.20130531-2315" has already been installed from: reference:file:/C:/Users/labry/Downloads/eclipse-jee-kepler-SR2-win32-x86_64/eclipse/plugins/com.ning.async-http-client_1.6.5.20130531-2315.jar

!ENTRY org.eclipse.update.configurator 4 0 2014-10-02 15:47:25.949
!MESSAGE Could not install bundle plugins/com.python.pydev.analysis_3.4.1.201403181715/   Bundle "com.python.pydev.analysis" version "3.4.1.201403181715" has already been installed from: reference:file:/C:/Users/labry/Downloads/eclipse-jee-kepler-SR2-win32-x86_64/eclipse/plugins/com.python.pydev.analysis_3.4.1.201403181715/

!ENTRY org.eclipse.update.configurator 4 0 2014-10-02 15:47:25.951
!MESSAGE Could not install bundle plugins/com.python.pydev.codecompletion_3.4.1.201403181715/   Bundle "com.python.pydev.codecompletion" version "3.4.1.201403181715" has already been installed from: reference:file:/C:/Users/labry/Downloads/eclipse-jee-kepler-SR2-win32-x86_64/eclipse/plugins/com.python.pydev.codecompletion_3.4.1.201403181715/

!ENTRY org.eclipse.update.configurator 4 0 2014-10-02 15:47:25.954
!MESSAGE Could not install bundle plugins/com.python.pydev.debug_3.4.1.201403181715/   Bundle "com.python.pydev.debug" version "3.4.1.201403181715" has already been installed from: reference:file:/C:/Users/labry/Downloads/eclipse-jee-kepler-SR2-win32-x86_64/eclipse/plugins/com.python.pydev.debug_3.4.1.201403181715/

!ENTRY org.eclipse.update.configurator 4 0 2014-10-02 15:47:25.955
!MESSAGE Could not install bundle plugins/com.python.pydev.fastparser_3.4.1.201403181715/   Bundle "com.python.pydev.fastparser" version "3.4.1.201403181715" has already been installed from: reference:file:/C:/Users/labry/Downloads/eclipse-jee-kepler-SR2-win32-x86_64/eclipse/plugins/com.python.pydev.fastparser_3.4.1.201403181715/

!ENTRY org.eclipse.update.configurator 4 0 2014-10-02 15:47:25.958
!MESSAGE Could not install bundle plugins/com.python.pydev.refactoring_3.4.1.201403181715/   Bundle "com.python.pydev.refactoring" version "3.4.1.201403181715" has already been installed from: reference:file:/C:/Users/labry/Downloads/eclipse-jee-kepler-SR2-win32-x86_64/eclipse/plugins/com.python.pydev.refactoring_3.4.1.201403181715/

!ENTRY org.eclipse.update.configurator 4 0 2014-10-02 15:47:25.959
!MESSAGE Could not install bundle plugins/com.python.pydev_3.4.1.201403181715/   Bundle "com.python.pydev" version "3.4.1.201403181715" has already been installed from: reference:file:/C:/Users/labry/Downloads/eclipse-jee-kepler-SR2-win32-x86_64/eclipse/plugins/com.python.pydev_3.4.1.201403181715/

!ENTRY org.eclipse.update.configurator 4 0 2014-10-02 15:47:25.961
!MESSAGE Could not install bundle plugins/com.sun.el_2.2.0.v201303151357.jar   Bundle "com.sun.el" version "2.2.0.v201303151357" has already been installed from: reference:file:/C:/Users/labry/Downloads/eclipse-jee-kepler-SR2-win32-x86_64/eclipse/plugins/com.sun.el_2.2.0.v201303151357.jar

!ENTRY org.eclipse.update.configurator 4 0 2014-10-02 15:47:25.963
!MESSAGE Could not install bundle plugins/com.sun.syndication_0.9.0.v200803061811.jar   Bundle "com.sun.syndication" version "0.9.0.v200803061811" has already been installed from: reference:file:/C:/Users/labry/Downloads/eclipse-jee-kepler-SR2-win32-x86_64/eclipse/plugins/com.sun.syndication_0.9.0.v200803061811.jar

!ENTRY org.eclipse.update.configurator 4 0 2014-10-02 15:47:25.965
!MESSAGE Could not install bundle plugins/javaewah_0.5.6.v201307211000.jar   Bundle "javaewah" version "0.5.6.v201307211000" has already been installed from: reference:file:/C:/Users/labry/Downloads/eclipse-jee-kepler-SR2-win32-x86_64/eclipse/plugins/javaewah_0.5.6.v201307211000.jar

!ENTRY org.eclipse.update.configurator 4 0 2014-10-02 15:47:25.967
!MESSAGE Could not install bundle plugins/javax.activation_1.1.0.v201211130549.jar   Bundle "javax.activation" version "1.1.0.v201211130549" has already been installed from: reference:file:/C:/Users/labry/Downloads/eclipse-jee-kepler-SR2-win32-x86_64/eclipse/plugins/javax.activation_1.1.0.v201211130549.jar

!ENTRY org.eclipse.update.configurator 4 0 2014-10-02 15:47:25.968
!MESSAGE Could not install bundle plugins/javax.annotation_1.1.0.v201209060031.jar   Bundle "javax.annotation" version "1.1.0.v201209060031" has already been installed from: reference:file:/C:/Users/labry/Downloads/eclipse-jee-kepler-SR2-win32-x86_64/eclipse/plugins/javax.annotation_1.1.0.v201209060031.jar

!ENTRY org.eclipse.update.configurator 4 0 2014-10-02 15:47:25.970
!MESSAGE Could not install bundle plugins/javax.el_2.2.0.v201303151357.jar   Bundle "javax.el" version "2.2.0.v201303151357" has already been installed from: reference:file:/C:/Users/labry/Downloads/eclipse-jee-kepler-SR2-win32-x86_64/eclipse/plugins/javax.el_2.2.0.v201303151357.jar

!ENTRY org.eclipse.update.configurator 4 0 2014-10-02 15:47:25.972
!MESSAGE Could not install bundle plugins/javax.inject_1.0.0.v20091030.jar   Bundle "javax.inject" version "1.0.0.v20091030" has already been installed from: reference:file:/C:/Users/labry/Downloads/eclipse-jee-kepler-SR2-win32-x86_64/eclipse/plugins/javax.inject_1.0.0.v20091030.jar

!ENTRY org.eclipse.update.configurator 4 0 2014-10-02 15:47:25.974
!MESSAGE Could not install bundle plugins/javax.jws_2.0.0.v201005080400.jar   Bundle "javax.jws" version "2.0.0.v201005080400" has already been installed from: reference:file:/C:/Users/labry/Downloads/eclipse-jee-kepler-SR2-win32-x86_64/eclipse/plugins/javax.jws_2.0.0.v201005080400.jar

!ENTRY org.eclipse.update.configurator 4 0 2014-10-02 15:47:25.975
!MESSAGE Could not install bundle plugins/javax.mail_1.4.0.v201005080615.jar   Bundle "javax.mail" version "1.4.0.v201005080615" has already been installed from: reference:file:/C:/Users/labry/Downloads/eclipse-jee-kepler-SR2-win32-x86_64/eclipse/plugins/javax.mail_1.4.0.v201005080615.jar

!ENTRY org.eclipse.update.configurator 4 0 2014-10-02 15:47:25.977
!MESSAGE Could not install bundle plugins/javax.persistence_2.1.0.v201304241213.jar   Bundle "javax.persistence" version "2.1.0.v201304241213" has already been installed from: reference:file:/C:/Users/labry/Downloads/eclipse-jee-kepler-SR2-win32-x86_64/eclipse/plugins/javax.persistence_2.1.0.v201304241213.jar

!ENTRY org.eclipse.update.configurator 4 0 2014-10-02 15:47:25.979
!MESSAGE Could not install bundle plugins/javax.servlet.jsp_2.2.0.v201112011158.jar   Bundle "javax.servlet.jsp" version "2.2.0.v201112011158" has already been installed from: reference:file:/C:/Users/labry/Downloads/eclipse-jee-kepler-SR2-win32-x86_64/eclipse/plugins/javax.servlet.jsp_2.2.0.v201112011158.jar

!ENTRY org.eclipse.update.configurator 4 0 2014-10-02 15:47:25.981
!MESSAGE Could not install bundle plugins/javax.servlet_3.0.0.v201112011016.jar   Bundle "javax.servlet" version "3.0.0.v201112011016" has already been installed from: reference:file:/C:/Users/labry/Downloads/eclipse-jee-kepler-SR2-win32-x86_64/eclipse/plugins/javax.servlet_3.0.0.v201112011016.jar

!ENTRY org.eclipse.update.configurator 4 0 2014-10-02 15:47:25.983
!MESSAGE Could not install bundle plugins/javax.wsdl_1.5.1.v201012040544.jar   Bundle "javax.wsdl" version "1.5.1.v201012040544" has already been installed from: reference:file:/C:/Users/labry/Downloads/eclipse-jee-kepler-SR2-win32-x86_64/eclipse/plugins/javax.wsdl_1.5.1.v201012040544.jar

!ENTRY org.eclipse.update.configurator 4 0 2014-10-02 15:47:25.984
!MESSAGE Could not install bundle plugins/javax.wsdl_1.6.2.v201012040545.jar   Bundle "javax.wsdl" version "1.6.2.v201012040545" has already been installed from: reference:file:/C:/Users/labry/Downloads/eclipse-jee-kepler-SR2-win32-x86_64/eclipse/plugins/javax.wsdl_1.6.2.v201012040545.jar

!ENTRY org.eclipse.update.configurator 4 0 2014-10-02 15:47:25.986
!MESSAGE Could not install bundle plugins/javax.xml.bind_2.1.9.v201005080401.jar   Bundle "javax.xml.bind" version "2.1.9.v201005080401" has already been installed from: reference:file:/C:/Users/labry/Downloads/eclipse-jee-kepler-SR2-win32-x86_64/eclipse/plugins/javax.xml.bind_2.1.9.v201005080401.jar

!ENTRY org.eclipse.update.configurator 4 0 2014-10-02 15:47:25.988
!MESSAGE Could not install bundle plugins/javax.xml.rpc_1.1.0.v201209140446/   Bundle "javax.xml.rpc" version "1.1.0.v201209140446" has already been installed from: reference:file:/C:/Users/labry/Downloads/eclipse-jee-kepler-SR2-win32-x86_64/eclipse/plugins/javax.xml.rpc_1.1.0.v201209140446/

!ENTRY org.eclipse.update.configurator 4 0 2014-10-02 15:47:25.990
!MESSAGE Could not install bundle plugins/javax.xml.soap_1.2.0.v201005080501/   Bundle "javax.xml.soap" version "1.2.0.v201005080501" has already been installed from: reference:file:/C:/Users/labry/Downloads/eclipse-jee-kepler-SR2-win32-x86_64/eclipse/plugins/javax.xml.soap_1.2.0.v201005080501/

!ENTRY org.eclipse.update.configurator 4 0 2014-10-02 15:47:25.992
!MESSAGE Could not install bundle plugins/javax.xml.stream_1.0.1.v201004272200.jar   Bundle "javax.xml.stream" version "1.0.1.v201004272200" has already been installed from: reference:file:/C:/Users/labry/Downloads/eclipse-jee-kepler-SR2-win32-x86_64/eclipse/plugins/javax.xml.stream_1.0.1.v201004272200.jar

!ENTRY org.eclipse.update.configurator 4 0 2014-10-02 15:47:25.993
!MESSAGE Could not install bundle plugins/javax.xml.ws_2.1.0.v200902101523.jar   Bundle "javax.xml.ws" version "2.1.0.v200902101523" has already been installed from: reference:file:/C:/Users/labry/Downloads/eclipse-jee-kepler-SR2-win32-x86_64/eclipse/plugins/javax.xml.ws_2.1.0.v200902101523.jar

!ENTRY org.eclipse.update.configurator 4 0 2014-10-02 15:47:25.995
!MESSAGE Could not install bundle plugins/javax.xml_1.3.4.v201005080400.jar   Bundle "javax.xml" version "1.3.4.v201005080400" has already been installed from: reference:file:/C:/Users/labry/Downloads/eclipse-jee-kepler-SR2-win32-x86_64/eclipse/plugins/javax.xml_1.3.4.v201005080400.jar

!ENTRY org.eclipse.update.configurator 4 0 2014-10-02 15:47:25.997
!MESSAGE Could not install bundle plugins/java_cup.runtime_0.10.0.v201005080400.jar   Bundle "java_cup.runtime" version "0.10.0.v201005080400" has already been installed from: reference:file:/C:/Users/labry/Downloads/eclipse-jee-kepler-SR2-win32-x86_64/eclipse/plugins/java_cup.runtime_0.10.0.v201005080400.jar

!ENTRY org.eclipse.update.configurator 4 0 2014-10-02 15:47:25.999
!MESSAGE Could not install bundle plugins/net.sourceforge.lpg.lpgjavaruntime_1.1.0.v201004271650.jar   Bundle "net.sourceforge.lpg.lpgjavaruntime" version "1.1.0.v201004271650" has already been installed from: reference:file:/C:/Users/labry/Downloads/eclipse-jee-kepler-SR2-win32-x86_64/eclipse/plugins/net.sourceforge.lpg.lpgjavaruntime_1.1.0.v201004271650.jar

!ENTRY org.eclipse.update.configurator 4 0 2014-10-02 15:47:26.001
!MESSAGE Could not install bundle plugins/net.sourceforge.vrapper.core_0.40.0.jar   Bundle "net.sourceforge.vrapper.core" version "0.40.0" has already been installed from: reference:file:/C:/Users/labry/Downloads/eclipse-jee-kepler-SR2-win32-x86_64/eclipse/plugins/net.sourceforge.vrapper.core_0.40.0.jar

!ENTRY org.eclipse.update.configurator 4 0 2014-10-02 15:47:26.003
!MESSAGE Could not install bundle plugins/net.sourceforge.vrapper.eclipse_0.40.0.jar   Bundle "net.sourceforge.vrapper.eclipse" version "0.40.0" has already been installed from: reference:file:/C:/Users/labry/Downloads/eclipse-jee-kepler-SR2-win32-x86_64/eclipse/plugins/net.sourceforge.vrapper.eclipse_0.40.0.jar

!ENTRY org.eclipse.update.configurator 4 0 2014-10-02 15:47:26.004
!MESSAGE Could not install bundle plugins/org.apache.ant_1.8.4.v201303080030/   Bundle "org.apache.ant" version "1.8.4.v201303080030" has already been installed from: reference:file:/C:/Users/labry/Downloads/eclipse-jee-kepler-SR2-win32-x86_64/eclipse/plugins/org.apache.ant_1.8.4.v201303080030/

!ENTRY org.eclipse.update.configurator 4 0 2014-10-02 15:47:26.006
!MESSAGE Could not install bundle plugins/org.apache.axis_1.4.0.v201005080400/   Bundle "org.apache.axis" version "1.4.0.v201005080400" has already been installed from: reference:file:/C:/Users/labry/Downloads/eclipse-jee-kepler-SR2-win32-x86_64/eclipse/plugins/org.apache.axis_1.4.0.v201005080400/

!ENTRY org.eclipse.update.configurator 4 0 2014-10-02 15:47:26.008
!MESSAGE Could not install bundle plugins/org.apache.batik.css_1.6.0.v201011041432.jar   Bundle "org.apache.batik.css" version "1.6.0.v201011041432" has already been installed from: reference:file:/C:/Users/labry/Downloads/eclipse-jee-kepler-SR2-win32-x86_64/eclipse/plugins/org.apache.batik.css_1.6.0.v201011041432.jar

!ENTRY org.eclipse.update.configurator 4 0 2014-10-02 15:47:26.010
!MESSAGE Could not install bundle plugins/org.apache.batik.util.gui_1.6.0.v201011041432.jar   Bundle "org.apache.batik.util.gui" version "1.6.0.v201011041432" has already been installed from: reference:file:/C:/Users/labry/Downloads/eclipse-jee-kepler-SR2-win32-x86_64/eclipse/plugins/org.apache.batik.util.gui_1.6.0.v201011041432.jar

!ENTRY org.eclipse.update.configurator 4 0 2014-10-02 15:47:26.012
!MESSAGE Could not install bundle plugins/org.apache.batik.util_1.6.0.v201011041432.jar   Bundle "org.apache.batik.util" version "1.6.0.v201011041432" has already been installed from: reference:file:/C:/Users/labry/Downloads/eclipse-jee-kepler-SR2-win32-x86_64/eclipse/plugins/org.apache.batik.util_1.6.0.v201011041432.jar

!ENTRY org.eclipse.update.configurator 4 0 2014-10-02 15:47:26.014
!MESSAGE Could not install bundle plugins/org.apache.bcel_5.2.0.v201005080400.jar   Bundle "org.apache.bcel" version "5.2.0.v201005080400" has already been installed from: reference:file:/C:/Users/labry/Downloads/eclipse-jee-kepler-SR2-win32-x86_64/eclipse/plugins/org.apache.bcel_5.2.0.v201005080400.jar

!ENTRY org.eclipse.update.configurator 4 0 2014-10-02 15:47:26.016
!MESSAGE Could not install bundle plugins/org.apache.commons.codec_1.4.0.v201209201156.jar   Bundle "org.apache.commons.codec" version "1.4.0.v201209201156" has already been installed from: reference:file:/C:/Users/labry/Downloads/eclipse-jee-kepler-SR2-win32-x86_64/eclipse/plugins/org.apache.commons.codec_1.4.0.v201209201156.jar

!ENTRY org.eclipse.update.configurator 4 0 2014-10-02 15:47:26.019
!MESSAGE Could not install bundle plugins/org.apache.commons.collections_3.2.0.v2013030210310.jar   Bundle "org.apache.commons.collections" version "3.2.0.v2013030210310" has already been installed from: reference:file:/C:/Users/labry/Downloads/eclipse-jee-kepler-SR2-win32-x86_64/eclipse/plugins/org.apache.commons.collections_3.2.0.v2013030210310.jar

!ENTRY org.eclipse.update.configurator 4 0 2014-10-02 15:47:26.020
!MESSAGE Could not install bundle plugins/org.apache.commons.compress_1.4.1.v201301140946.jar   Bundle "org.apache.commons.compress" version "1.4.1.v201301140946" has already been installed from: reference:file:/C:/Users/labry/Downloads/eclipse-jee-kepler-SR2-win32-x86_64/eclipse/plugins/org.apache.commons.compress_1.4.1.v201301140946.jar

!ENTRY org.eclipse.update.configurator 4 0 2014-10-02 15:47:26.022
!MESSAGE Could not install bundle plugins/org.apache.commons.discovery_0.2.0.v201004190315/   Bundle "org.apache.commons.discovery" version "0.2.0.v201004190315" has already been installed from: reference:file:/C:/Users/labry/Downloads/eclipse-jee-kepler-SR2-win32-x86_64/eclipse/plugins/org.apache.commons.discovery_0.2.0.v201004190315/

!ENTRY org.eclipse.update.configurator 4 0 2014-10-02 15:47:26.024
!MESSAGE Could not install bundle plugins/org.apache.commons.httpclient_3.1.0.v201012070820.jar   Bundle "org.apache.commons.httpclient" version "3.1.0.v201012070820" has already been installed from: reference:file:/C:/Users/labry/Downloads/eclipse-jee-kepler-SR2-win32-x86_64/eclipse/plugins/org.apache.commons.httpclient_3.1.0.v201012070820.jar

!ENTRY org.eclipse.update.configurator 4 0 2014-10-02 15:47:26.026
!MESSAGE Could not install bundle plugins/org.apache.commons.io_2.0.1.v201105210651.jar   Bundle "org.apache.commons.io" version "2.0.1.v201105210651" has already been installed from: reference:file:/C:/Users/labry/Downloads/eclipse-jee-kepler-SR2-win32-x86_64/eclipse/plugins/org.apache.commons.io_2.0.1.v201105210651.jar

!ENTRY org.eclipse.update.configurator 4 0 2014-10-02 15:47:26.028
!MESSAGE Could not install bundle plugins/org.apache.commons.lang_2.6.0.v201205030909.jar   Bundle "org.apache.commons.lang" version "2.6.0.v201205030909" has already been installed from: reference:file:/C:/Users/labry/Downloads/eclipse-jee-kepler-SR2-win32-x86_64/eclipse/plugins/org.apache.commons.lang_2.6.0.v201205030909.jar

!ENTRY org.eclipse.update.configurator 4 0 2014-10-02 15:47:26.029
!MESSAGE Could not install bundle plugins/org.apache.commons.logging_1.0.4.v201101211617.jar   Bundle "org.apache.commons.logging" version "1.0.4.v201101211617" has already been installed from: reference:file:/C:/Users/labry/Downloads/eclipse-jee-kepler-SR2-win32-x86_64/eclipse/plugins/org.apache.commons.logging_1.0.4.v201101211617.jar

!ENTRY org.eclipse.update.configurator 4 0 2014-10-02 15:47:26.031
!MESSAGE Could not install bundle plugins/org.apache.commons.logging_1.1.1.v201101211721.jar   Bundle "org.apache.commons.logging" version "1.1.1.v201101211721" has already been installed from: reference:file:/C:/Users/labry/Downloads/eclipse-jee-kepler-SR2-win32-x86_64/eclipse/plugins/org.apache.commons.logging_1.1.1.v201101211721.jar

!ENTRY org.eclipse.update.configurator 4 0 2014-10-02 15:47:26.033
!MESSAGE Could not install bundle plugins/org.apache.commons.net_3.2.0.v201305141515.jar   Bundle "org.apache.commons.net" version "3.2.0.v201305141515" has already been installed from: reference:file:/C:/Users/labry/Downloads/eclipse-jee-kepler-SR2-win32-x86_64/eclipse/plugins/org.apache.commons.net_3.2.0.v201305141515.jar

!ENTRY org.eclipse.update.configurator 4 0 2014-10-02 15:47:26.035
!MESSAGE Could not install bundle plugins/org.apache.felix.gogo.command_0.10.0.v201209301215.jar   Bundle "org.apache.felix.gogo.command" version "0.10.0.v201209301215" has already been installed from: reference:file:/C:/Users/labry/Downloads/eclipse-jee-kepler-SR2-win32-x86_64/eclipse/plugins/org.apache.felix.gogo.command_0.10.0.v201209301215.jar

!ENTRY org.eclipse.update.configurator 4 0 2014-10-02 15:47:26.037
!MESSAGE Could not install bundle plugins/org.apache.felix.gogo.runtime_0.10.0.v201209301036.jar   Bundle "org.apache.felix.gogo.runtime" version "0.10.0.v201209301036" has already been installed from: reference:file:/C:/Users/labry/Downloads/eclipse-jee-kepler-SR2-win32-x86_64/eclipse/plugins/org.apache.felix.gogo.runtime_0.10.0.v201209301036.jar

!ENTRY org.eclipse.update.configurator 4 0 2014-10-02 15:47:26.039
!MESSAGE Could not install bundle plugins/org.apache.felix.gogo.shell_0.10.0.v201212101605.jar   Bundle "org.apache.felix.gogo.shell" version "0.10.0.v201212101605" has already been installed from: reference:file:/C:/Users/labry/Downloads/eclipse-jee-kepler-SR2-win32-x86_64/eclipse/plugins/org.apache.felix.gogo.shell_0.10.0.v201212101605.jar

!ENTRY org.eclipse.update.configurator 4 0 2014-10-02 15:47:26.040
!MESSAGE Could not install bundle plugins/org.apache.httpcomponents.httpclient_4.1.3.v201209201135.jar   Bundle "org.apache.httpcomponents.httpclient" version "4.1.3.v201209201135" has already been installed from: reference:file:/C:/Users/labry/Downloads/eclipse-jee-kepler-SR2-win32-x86_64/eclipse/plugins/org.apache.httpcomponents.httpclient_4.1.3.v201209201135.jar

!ENTRY org.eclipse.update.configurator 4 0 2014-10-02 15:47:26.042
!MESSAGE Could not install bundle plugins/org.apache.httpcomponents.httpcore_4.1.4.v201203221030.jar   Bundle "org.apache.httpcomponents.httpcore" version "4.1.4.v201203221030" has already been installed from: reference:file:/C:/Users/labry/Downloads/eclipse-jee-kepler-SR2-win32-x86_64/eclipse/plugins/org.apache.httpcomponents.httpcore_4.1.4.v201203221030.jar

!ENTRY org.eclipse.update.configurator 4 0 2014-10-02 15:47:26.044
!MESSAGE Could not install bundle plugins/org.apache.jasper.glassfish_2.2.2.v201205150955.jar   Bundle "org.apache.jasper.glassfish" version "2.2.2.v201205150955" has already been installed from: reference:file:/C:/Users/labry/Downloads/eclipse-jee-kepler-SR2-win32-x86_64/eclipse/plugins/org.apache.jasper.glassfish_2.2.2.v201205150955.jar

!ENTRY org.eclipse.update.configurator 4 0 2014-10-02 15:47:26.046
!MESSAGE Could not install bundle plugins/org.apache.log4j_1.2.15.v201012070815.jar   Bundle "org.apache.log4j" version "1.2.15.v201012070815" has already been installed from: reference:file:/C:/Users/labry/Downloads/eclipse-jee-kepler-SR2-win32-x86_64/eclipse/plugins/org.apache.log4j_1.2.15.v201012070815.jar

!ENTRY org.eclipse.update.configurator 4 0 2014-10-02 15:47:26.048
!MESSAGE Could not install bundle plugins/org.apache.lucene.analysis_3.5.0.v20120725-1805.jar   Bundle "org.apache.lucene.analysis" version "3.5.0.v20120725-1805" has already been installed from: reference:file:/C:/Users/labry/Downloads/eclipse-jee-kepler-SR2-win32-x86_64/eclipse/plugins/org.apache.lucene.analysis_3.5.0.v20120725-1805.jar

!ENTRY org.eclipse.update.configurator 4 0 2014-10-02 15:47:26.050
!MESSAGE Could not install bundle plugins/org.apache.lucene.core_3.5.0.v20120725-1805.jar   Bundle "org.apache.lucene.core" version "3.5.0.v20120725-1805" has already been installed from: reference:file:/C:/Users/labry/Downloads/eclipse-jee-kepler-SR2-win32-x86_64/eclipse/plugins/org.apache.lucene.core_3.5.0.v20120725-1805.jar

!ENTRY org.eclipse.update.configurator 4 0 2014-10-02 15:47:26.052
!MESSAGE Could not install bundle plugins/org.apache.velocity_1.5.0.v200905192330.jar   Bundle "org.apache.velocity" version "1.5.0.v200905192330" has already been installed from: reference:file:/C:/Users/labry/Downloads/eclipse-jee-kepler-SR2-win32-x86_64/eclipse/plugins/org.apache.velocity_1.5.0.v200905192330.jar

!ENTRY org.eclipse.update.configurator 4 0 2014-10-02 15:47:26.054
!MESSAGE Could not install bundle plugins/org.apache.ws.commons.util_1.0.1.v20100518-1140.jar   Bundle "org.apache.ws.commons.util" version "1.0.1.v20100518-1140" has already been installed from: reference:file:/C:/Users/labry/Downloads/eclipse-jee-kepler-SR2-win32-x86_64/eclipse/plugins/org.apache.ws.commons.util_1.0.1.v20100518-1140.jar

!ENTRY org.eclipse.update.configurator 4 0 2014-10-02 15:47:26.057
!MESSAGE Could not install bundle plugins/org.apache.wsil4j_1.0.0.v200901211807.jar   Bundle "org.apache.wsil4j" version "1.0.0.v200901211807" has already been installed from: reference:file:/C:/Users/labry/Downloads/eclipse-jee-kepler-SR2-win32-x86_64/eclipse/plugins/org.apache.wsil4j_1.0.0.v200901211807.jar

!ENTRY org.eclipse.update.configurator 4 0 2014-10-02 15:47:26.060
!MESSAGE Could not install bundle plugins/org.apache.xalan_2.7.1.v201005080400.jar   Bundle "org.apache.xalan" version "2.7.1.v201005080400" has already been installed from: reference:file:/C:/Users/labry/Downloads/eclipse-jee-kepler-SR2-win32-x86_64/eclipse/plugins/org.apache.xalan_2.7.1.v201005080400.jar

!ENTRY org.eclipse.update.configurator 4 0 2014-10-02 15:47:26.062
!MESSAGE Could not install bundle plugins/org.apache.xerces_2.9.0.v201101211617.jar   Bundle "org.apache.xerces" version "2.9.0.v201101211617" has already been installed from: reference:file:/C:/Users/labry/Downloads/eclipse-jee-kepler-SR2-win32-x86_64/eclipse/plugins/org.apache.xerces_2.9.0.v201101211617.jar

!ENTRY org.eclipse.update.configurator 4 0 2014-10-02 15:47:26.064
!MESSAGE Could not install bundle plugins/org.apache.xml.resolver_1.2.0.v201005080400.jar   Bundle "org.apache.xml.resolver" version "1.2.0.v201005080400" has already been installed from: reference:file:/C:/Users/labry/Downloads/eclipse-jee-kepler-SR2-win32-x86_64/eclipse/plugins/org.apache.xml.resolver_1.2.0.v201005080400.jar

!ENTRY org.eclipse.update.configurator 4 0 2014-10-02 15:47:26.066
!MESSAGE Could not install bundle plugins/org.apache.xml.serializer_2.7.1.v201005080400.jar   Bundle "org.apache.xml.serializer" version "2.7.1.v201005080400" has already been installed from: reference:file:/C:/Users/labry/Downloads/eclipse-jee-kepler-SR2-win32-x86_64/eclipse/plugins/org.apache.xml.serializer_2.7.1.v201005080400.jar

!ENTRY org.eclipse.update.configurator 4 0 2014-10-02 15:47:26.068
!MESSAGE Could not install bundle plugins/org.apache.xmlrpc_3.0.0.v20100427-1100.jar   Bundle "org.apache.xmlrpc" version "3.0.0.v20100427-1100" has already been installed from: reference:file:/C:/Users/labry/Downloads/eclipse-jee-kepler-SR2-win32-x86_64/eclipse/plugins/org.apache.xmlrpc_3.0.0.v20100427-1100.jar

!ENTRY org.eclipse.update.configurator 4 0 2014-10-02 15:47:26.069
!MESSAGE Could not install bundle plugins/org.eclipse.ant.core_3.2.500.v20140203-1328.jar   Bundle "org.eclipse.ant.core" version "3.2.500.v20140203-1328" has already been installed from: reference:file:/C:/Users/labry/Downloads/eclipse-jee-kepler-SR2-win32-x86_64/eclipse/plugins/org.eclipse.ant.core_3.2.500.v20140203-1328.jar

!ENTRY org.eclipse.update.configurator 4 0 2014-10-02 15:47:26.071
!MESSAGE Could not install bundle plugins/org.eclipse.ant.launching_1.0.300.v20140203-1328.jar   Bundle "org.eclipse.ant.launching" version "1.0.300.v20140203-1328" has already been installed from: reference:file:/C:/Users/labry/Downloads/eclipse-jee-kepler-SR2-win32-x86_64/eclipse/plugins/org.eclipse.ant.launching_1.0.300.v20140203-1328.jar

!ENTRY org.eclipse.update.configurator 4 0 2014-10-02 15:47:26.073
!MESSAGE Could not install bundle plugins/org.eclipse.ant.ui_3.5.400.v20140203-1328.jar   Bundle "org.eclipse.ant.ui" version "3.5.400.v20140203-1328" has already been installed from: reference:file:/C:/Users/labry/Downloads/eclipse-jee-kepler-SR2-win32-x86_64/eclipse/plugins/org.eclipse.ant.ui_3.5.400.v20140203-1328.jar

!ENTRY org.eclipse.update.configurator 4 0 2014-10-02 15:47:26.075
!MESSAGE Could not install bundle plugins/org.eclipse.compare.core_3.5.300.v20130514-1224.jar   Bundle "org.eclipse.compare.core" version "3.5.300.v20130514-1224" has already been installed from: reference:file:/C:/Users/labry/Downloads/eclipse-jee-kepler-SR2-win32-x86_64/eclipse/plugins/org.eclipse.compare.core_3.5.300.v20130514-1224.jar

!ENTRY org.eclipse.update.configurator 4 0 2014-10-02 15:47:26.078
!MESSAGE Could not install bundle plugins/org.eclipse.compare.win32_1.0.200.v20130514-1224.jar   Bundle "org.eclipse.compare.win32" version "1.0.200.v20130514-1224" has already been installed from: reference:file:/C:/Users/labry/Downloads/eclipse-jee-kepler-SR2-win32-x86_64/eclipse/plugins/org.eclipse.compare.win32_1.0.200.v20130514-1224.jar

!ENTRY org.eclipse.update.configurator 4 0 2014-10-02 15:47:26.080
!MESSAGE Could not install bundle plugins/org.eclipse.compare_3.5.401.v20130709-1308.jar   Bundle "org.eclipse.compare" version "3.5.401.v20130709-1308" has already been installed from: reference:file:/C:/Users/labry/Downloads/eclipse-jee-kepler-SR2-win32-x86_64/eclipse/plugins/org.eclipse.compare_3.5.401.v20130709-1308.jar

!ENTRY org.eclipse.update.configurator 4 0 2014-10-02 15:47:26.082
!MESSAGE Could not install bundle plugins/org.eclipse.core.commands_3.6.100.v20130515-1857.jar   Bundle "org.eclipse.core.commands" version "3.6.100.v20130515-1857" has already been installed from: reference:file:/C:/Users/labry/Downloads/eclipse-jee-kepler-SR2-win32-x86_64/eclipse/plugins/org.eclipse.core.commands_3.6.100.v20130515-1857.jar

!ENTRY org.eclipse.update.configurator 4 0 2014-10-02 15:47:26.084
!MESSAGE Could not install bundle plugins/org.eclipse.core.contenttype_3.4.200.v20130326-1255.jar   Bundle "org.eclipse.core.contenttype" version "3.4.200.v20130326-1255" has already been installed from: reference:file:/C:/Users/labry/Downloads/eclipse-jee-kepler-SR2-win32-x86_64/eclipse/plugins/org.eclipse.core.contenttype_3.4.200.v20130326-1255.jar

!ENTRY org.eclipse.update.configurator 4 0 2014-10-02 15:47:26.086
!MESSAGE Could not install bundle plugins/org.eclipse.core.databinding.beans_1.2.200.v20130515-1857.jar   Bundle "org.eclipse.core.databinding.beans" version "1.2.200.v20130515-1857" has already been installed from: reference:file:/C:/Users/labry/Downloads/eclipse-jee-kepler-SR2-win32-x86_64/eclipse/plugins/org.eclipse.core.databinding.beans_1.2.200.v20130515-1857.jar

!ENTRY org.eclipse.update.configurator 4 0 2014-10-02 15:47:26.087
!MESSAGE Could not install bundle plugins/org.eclipse.core.databinding.observable_1.4.1.v20130515-1857.jar   Bundle "org.eclipse.core.databinding.observable" version "1.4.1.v20130515-1857" has already been installed from: reference:file:/C:/Users/labry/Downloads/eclipse-jee-kepler-SR2-win32-x86_64/eclipse/plugins/org.eclipse.core.databinding.observable_1.4.1.v20130515-1857.jar

!ENTRY org.eclipse.update.configurator 4 0 2014-10-02 15:47:26.089
!MESSAGE Could not install bundle plugins/org.eclipse.core.databinding.property_1.4.200.v20130515-1857.jar   Bundle "org.eclipse.core.databinding.property" version "1.4.200.v20130515-1857" has already been installed from: reference:file:/C:/Users/labry/Downloads/eclipse-jee-kepler-SR2-win32-x86_64/eclipse/plugins/org.eclipse.core.databinding.property_1.4.200.v20130515-1857.jar

!ENTRY org.eclipse.update.configurator 4 0 2014-10-02 15:47:26.091
!MESSAGE Could not install bundle plugins/org.eclipse.core.databinding_1.4.1.v20130515-1857.jar   Bundle "org.eclipse.core.databinding" version "1.4.1.v20130515-1857" has already been installed from: reference:file:/C:/Users/labry/Downloads/eclipse-jee-kepler-SR2-win32-x86_64/eclipse/plugins/org.eclipse.core.databinding_1.4.1.v20130515-1857.jar

!ENTRY org.eclipse.update.configurator 4 0 2014-10-02 15:47:26.093
!MESSAGE Could not install bundle plugins/org.eclipse.core.expressions_3.4.501.v20131118-1915.jar   Bundle "org.eclipse.core.expressions" version "3.4.501.v20131118-1915" has already been installed from: reference:file:/C:/Users/labry/Downloads/eclipse-jee-kepler-SR2-win32-x86_64/eclipse/plugins/org.eclipse.core.expressions_3.4.501.v20131118-1915.jar

!ENTRY org.eclipse.update.configurator 4 0 2014-10-02 15:47:26.095
!MESSAGE Could not install bundle plugins/org.eclipse.core.externaltools_1.0.200.v20130402-1741.jar   Bundle "org.eclipse.core.externaltools" version "1.0.200.v20130402-1741" has already been installed from: reference:file:/C:/Users/labry/Downloads/eclipse-jee-kepler-SR2-win32-x86_64/eclipse/plugins/org.eclipse.core.externaltools_1.0.200.v20130402-1741.jar

!ENTRY org.eclipse.update.configurator 4 0 2014-10-02 15:47:26.097
!MESSAGE Could not install bundle plugins/org.eclipse.core.filebuffers_3.5.300.v20130225-1821.jar   Bundle "org.eclipse.core.filebuffers" version "3.5.300.v20130225-1821" has already been installed from: reference:file:/C:/Users/labry/Downloads/eclipse-jee-kepler-SR2-win32-x86_64/eclipse/plugins/org.eclipse.core.filebuffers_3.5.300.v20130225-1821.jar

!ENTRY org.eclipse.update.configurator 4 0 2014-10-02 15:47:26.100
!MESSAGE Could not install bundle plugins/org.eclipse.core.filesystem.win32.x86_64_1.4.0.v20121112-1357.jar   Bundle "org.eclipse.core.filesystem.win32.x86_64" version "1.4.0.v20121112-1357" has already been installed from: reference:file:/C:/Users/labry/Downloads/eclipse-jee-kepler-SR2-win32-x86_64/eclipse/plugins/org.eclipse.core.filesystem.win32.x86_64_1.4.0.v20121112-1357.jar

!ENTRY org.eclipse.update.configurator 4 0 2014-10-02 15:47:26.102
!MESSAGE Could not install bundle plugins/org.eclipse.core.filesystem_1.4.0.v20130514-1240.jar   Bundle "org.eclipse.core.filesystem" version "1.4.0.v20130514-1240" has already been installed from: reference:file:/C:/Users/labry/Downloads/eclipse-jee-kepler-SR2-win32-x86_64/eclipse/plugins/org.eclipse.core.filesystem_1.4.0.v20130514-1240.jar

!ENTRY org.eclipse.update.configurator 4 0 2014-10-02 15:47:26.105
!MESSAGE Could not install bundle plugins/org.eclipse.core.jobs_3.5.300.v20130429-1813.jar   Bundle "org.eclipse.core.jobs" version "3.5.300.v20130429-1813" has already been installed from: reference:file:/C:/Users/labry/Downloads/eclipse-jee-kepler-SR2-win32-x86_64/eclipse/plugins/org.eclipse.core.jobs_3.5.300.v20130429-1813.jar

!ENTRY org.eclipse.update.configurator 4 0 2014-10-02 15:47:26.107
!MESSAGE Could not install bundle plugins/org.eclipse.core.net.win32.x86_64_1.0.100.v20100505-1614.jar   Bundle "org.eclipse.core.net.win32.x86_64" version "1.0.100.v20100505-1614" has already been installed from: reference:file:/C:/Users/labry/Downloads/eclipse-jee-kepler-SR2-win32-x86_64/eclipse/plugins/org.eclipse.core.net.win32.x86_64_1.0.100.v20100505-1614.jar

!ENTRY org.eclipse.update.configurator 4 0 2014-10-02 15:47:26.109
!MESSAGE Could not install bundle plugins/org.eclipse.core.net_1.2.200.v20130430-1352.jar   Bundle "org.eclipse.core.net" version "1.2.200.v20130430-1352" has already been installed from: reference:file:/C:/Users/labry/Downloads/eclipse-jee-kepler-SR2-win32-x86_64/eclipse/plugins/org.eclipse.core.net_1.2.200.v20130430-1352.jar

!ENTRY org.eclipse.update.configurator 4 0 2014-10-02 15:47:26.110
!MESSAGE Could not install bundle plugins/org.eclipse.core.resources.win32.x86_64_3.5.0.v20121203-0906.jar   Bundle "org.eclipse.core.resources.win32.x86_64" version "3.5.0.v20121203-0906" has already been installed from: reference:file:/C:/Users/labry/Downloads/eclipse-jee-kepler-SR2-win32-x86_64/eclipse/plugins/org.eclipse.core.resources.win32.x86_64_3.5.0.v20121203-0906.jar

!ENTRY org.eclipse.update.configurator 4 0 2014-10-02 15:47:26.112
!MESSAGE Could not install bundle plugins/org.eclipse.core.resources_3.8.101.v20130717-0806.jar   Bundle "org.eclipse.core.resources" version "3.8.101.v20130717-0806" has already been installed from: reference:file:/C:/Users/labry/Downloads/eclipse-jee-kepler-SR2-win32-x86_64/eclipse/plugins/org.eclipse.core.resources_3.8.101.v20130717-0806.jar

!ENTRY org.eclipse.update.configurator 4 0 2014-10-02 15:47:26.114
!MESSAGE Could not install bundle plugins/org.eclipse.core.runtime.compatibility.auth_3.2.300.v20120523-2004.jar   Bundle "org.eclipse.core.runtime.compatibility.auth" version "3.2.300.v20120523-2004" has already been installed from: reference:file:/C:/Users/labry/Downloads/eclipse-jee-kepler-SR2-win32-x86_64/eclipse/plugins/org.eclipse.core.runtime.compatibility.auth_3.2.300.v20120523-2004.jar

!ENTRY org.eclipse.update.configurator 4 0 2014-10-02 15:47:26.117
!MESSAGE Could not install bundle plugins/org.eclipse.core.runtime.compatibility.registry_3.5.200.v20130514-1256/   Bundle "org.eclipse.core.runtime.compatibility.registry" version "3.5.200.v20130514-1256" has already been installed from: reference:file:/C:/Users/labry/Downloads/eclipse-jee-kepler-SR2-win32-x86_64/eclipse/plugins/org.eclipse.core.runtime.compatibility.registry_3.5.200.v20130514-1256/

!ENTRY org.eclipse.update.configurator 4 0 2014-10-02 15:47:26.119
!MESSAGE Could not install bundle plugins/org.eclipse.core.runtime.compatibility_3.2.200.v20130326-1255.jar   Bundle "org.eclipse.core.runtime.compatibility" version "3.2.200.v20130326-1255" has already been installed from: reference:file:/C:/Users/labry/Downloads/eclipse-jee-kepler-SR2-win32-x86_64/eclipse/plugins/org.eclipse.core.runtime.compatibility_3.2.200.v20130326-1255.jar

!ENTRY org.eclipse.update.configurator 4 0 2014-10-02 15:47:26.122
!MESSAGE Could not install bundle plugins/org.eclipse.core.runtime_3.9.100.v20131218-1515.jar   Bundle "org.eclipse.core.runtime" version "3.9.100.v20131218-1515" has already been installed from: reference:file:/C:/Users/labry/Downloads/eclipse-jee-kepler-SR2-win32-x86_64/eclipse/plugins/org.eclipse.core.runtime_3.9.100.v20131218-1515.jar

!ENTRY org.eclipse.update.configurator 4 0 2014-10-02 15:47:26.123
!MESSAGE Could not install bundle plugins/org.eclipse.core.variables_3.2.700.v20130402-1741.jar   Bundle "org.eclipse.core.variables" version "3.2.700.v20130402-1741" has already been installed from: reference:file:/C:/Users/labry/Downloads/eclipse-jee-kepler-SR2-win32-x86_64/eclipse/plugins/org.eclipse.core.variables_3.2.700.v20130402-1741.jar

!ENTRY org.eclipse.update.configurator 4 0 2014-10-02 15:47:26.125
!MESSAGE Could not install bundle plugins/org.eclipse.cvs_1.4.0.v20140221-1700.jar   Bundle "org.eclipse.cvs" version "1.4.0.v20140221-1700" has already been installed from: reference:file:/C:/Users/labry/Downloads/eclipse-jee-kepler-SR2-win32-x86_64/eclipse/plugins/org.eclipse.cvs_1.4.0.v20140221-1700.jar

!ENTRY org.eclipse.update.configurator 4 0 2014-10-02 15:47:26.127
!MESSAGE Could not install bundle plugins/org.eclipse.datatools.common.doc.user_1.7.0.20090521092446.jar   Bundle "org.eclipse.datatools.common.doc.user" version "1.7.0.20090521092446" has already been installed from: reference:file:/C:/Users/labry/Downloads/eclipse-jee-kepler-SR2-win32-x86_64/eclipse/plugins/org.eclipse.datatools.common.doc.user_1.7.0.20090521092446.jar

!ENTRY org.eclipse.update.configurator 4 0 2014-10-02 15:47:26.129
!MESSAGE Could not install bundle plugins/org.eclipse.datatools.connectivity.apache.derby.dbdefinition_1.0.2.v201107221459.jar   Bundle "org.eclipse.datatools.connectivity.apache.derby.dbdefinition" version "1.0.2.v201107221459" has already been installed from: reference:file:/C:/Users/labry/Downloads/eclipse-jee-kepler-SR2-win32-x86_64/eclipse/plugins/org.eclipse.datatools.connectivity.apache.derby.dbdefinition_1.0.2.v201107221459.jar

!ENTRY org.eclipse.update.configurator 4 0 2014-10-02 15:47:26.131
!MESSAGE Could not install bundle plugins/org.eclipse.datatools.connectivity.apache.derby.ui_1.0.3.v201107221459.jar   Bundle "org.eclipse.datatools.connectivity.apache.derby.ui" version "1.0.3.v201107221459" has already been installed from: reference:file:/C:/Users/labry/Downloads/eclipse-jee-kepler-SR2-win32-x86_64/eclipse/plugins/org.eclipse.datatools.connectivity.apache.derby.ui_1.0.3.v201107221459.jar

!ENTRY org.eclipse.update.configurator 4 0 2014-10-02 15:47:26.133
!MESSAGE Could not install bundle plugins/org.eclipse.datatools.connectivity.apache.derby_1.0.103.v201212070447.jar   Bundle "org.eclipse.datatools.connectivity.apache.derby" version "1.0.103.v201212070447" has already been installed from: reference:file:/C:/Users/labry/Downloads/eclipse-jee-kepler-SR2-win32-x86_64/eclipse/plugins/org.eclipse.datatools.connectivity.apache.derby_1.0.103.v201212070447.jar

!ENTRY org.eclipse.update.configurator 4 0 2014-10-02 15:47:26.135
!MESSAGE Could not install bundle plugins/org.eclipse.datatools.connectivity.console.profile_1.0.10.v201109250955.jar   Bundle "org.eclipse.datatools.connectivity.console.profile" version "1.0.10.v201109250955" has already been installed from: reference:file:/C:/Users/labry/Downloads/eclipse-jee-kepler-SR2-win32-x86_64/eclipse/plugins/org.eclipse.datatools.connectivity.console.profile_1.0.10.v201109250955.jar

!ENTRY org.eclipse.update.configurator 4 0 2014-10-02 15:47:26.137
!MESSAGE Could not install bundle plugins/org.eclipse.datatools.connectivity.db.generic.ui_1.0.2.v201211200622.jar   Bundle "org.eclipse.datatools.connectivity.db.generic.ui" version "1.0.2.v201211200622" has already been installed from: reference:file:/C:/Users/labry/Downloads/eclipse-jee-kepler-SR2-win32-x86_64/eclipse/plugins/org.eclipse.datatools.connectivity.db.generic.ui_1.0.2.v201211200622.jar

!ENTRY org.eclipse.update.configurator 4 0 2014-10-02 15:47:26.140
!MESSAGE Could not install bundle plugins/org.eclipse.datatools.connectivity.db.generic_1.0.1.v201107221459.jar   Bundle "org.eclipse.datatools.connectivity.db.generic" version "1.0.1.v201107221459" has already been installed from: reference:file:/C:/Users/labry/Downloads/eclipse-jee-kepler-SR2-win32-x86_64/eclipse/plugins/org.eclipse.datatools.connectivity.db.generic_1.0.1.v201107221459.jar

!ENTRY org.eclipse.update.configurator 4 0 2014-10-02 15:47:26.141
!MESSAGE Could not install bundle plugins/org.eclipse.datatools.connectivity.dbdefinition.genericJDBC_1.0.2.v201310181001.jar   Bundle "org.eclipse.datatools.connectivity.dbdefinition.genericJDBC" version "1.0.2.v201310181001" has already been installed from: reference:file:/C:/Users/labry/Downloads/eclipse-jee-kepler-SR2-win32-x86_64/eclipse/plugins/org.eclipse.datatools.connectivity.dbdefinition.genericJDBC_1.0.2.v201310181001.jar

!ENTRY org.eclipse.update.configurator 4 0 2014-10-02 15:47:26.143
!MESSAGE Could not install bundle plugins/org.eclipse.datatools.connectivity.doc.user.contexts_1.7.0.20090521092446.jar   Bundle "org.eclipse.datatools.connectivity.doc.user.contexts" version "1.7.0.20090521092446" has already been installed from: reference:file:/C:/Users/labry/Downloads/eclipse-jee-kepler-SR2-win32-x86_64/eclipse/plugins/org.eclipse.datatools.connectivity.doc.user.contexts_1.7.0.20090521092446.jar

!ENTRY org.eclipse.update.configurator 4 0 2014-10-02 15:47:26.145
!MESSAGE Could not install bundle plugins/org.eclipse.datatools.connectivity.doc.user_1.7.0.20090521092446.jar   Bundle "org.eclipse.datatools.connectivity.doc.user" version "1.7.0.20090521092446" has already been installed from: reference:file:/C:/Users/labry/Downloads/eclipse-jee-kepler-SR2-win32-x86_64/eclipse/plugins/org.eclipse.datatools.connectivity.doc.user_1.7.0.20090521092446.jar

!ENTRY org.eclipse.update.configurator 4 0 2014-10-02 15:47:26.147
!MESSAGE Could not install bundle plugins/org.eclipse.datatools.connectivity.oda.consumer_3.2.6.v201305170644.jar   Bundle "org.eclipse.datatools.connectivity.oda.consumer" version "3.2.6.v201305170644" has already been installed from: reference:file:/C:/Users/labry/Downloads/eclipse-jee-kepler-SR2-win32-x86_64/eclipse/plugins/org.eclipse.datatools.connectivity.oda.consumer_3.2.6.v201305170644.jar

!ENTRY org.eclipse.update.configurator 4 0 2014-10-02 15:47:26.148
!MESSAGE Could not install bundle plugins/org.eclipse.datatools.connectivity.oda.design.ui_3.2.9.v201305031540.jar   Bundle "org.eclipse.datatools.connectivity.oda.design.ui" version "3.2.9.v201305031540" has already been installed from: reference:file:/C:/Users/labry/Downloads/eclipse-jee-kepler-SR2-win32-x86_64/eclipse/plugins/org.eclipse.datatools.connectivity.oda.design.ui_3.2.9.v201305031540.jar

!ENTRY org.eclipse.update.configurator 4 0 2014-10-02 15:47:26.150
!MESSAGE Could not install bundle plugins/org.eclipse.datatools.connectivity.oda.design_3.3.6.v201212070447.jar   Bundle "org.eclipse.datatools.connectivity.oda.design" version "3.3.6.v201212070447" has already been installed from: reference:file:/C:/Users/labry/Downloads/eclipse-jee-kepler-SR2-win32-x86_64/eclipse/plugins/org.eclipse.datatools.connectivity.oda.design_3.3.6.v201212070447.jar

!ENTRY org.eclipse.update.configurator 4 0 2014-10-02 15:47:26.153
!MESSAGE Could not install bundle plugins/org.eclipse.datatools.connectivity.oda.flatfile.ui_3.1.9.v201309221054.jar   Bundle "org.eclipse.datatools.connectivity.oda.flatfile.ui" version "3.1.9.v201309221054" has already been installed from: reference:file:/C:/Users/labry/Downloads/eclipse-jee-kepler-SR2-win32-x86_64/eclipse/plugins/org.eclipse.datatools.connectivity.oda.flatfile.ui_3.1.9.v201309221054.jar

!ENTRY org.eclipse.update.configurator 4 0 2014-10-02 15:47:26.155
!MESSAGE Could not install bundle plugins/org.eclipse.datatools.connectivity.oda.flatfile_3.1.7.v201311081026.jar   Bundle "org.eclipse.datatools.connectivity.oda.flatfile" version "3.1.7.v201311081026" has already been installed from: reference:file:/C:/Users/labry/Downloads/eclipse-jee-kepler-SR2-win32-x86_64/eclipse/plugins/org.eclipse.datatools.connectivity.oda.flatfile_3.1.7.v201311081026.jar

!ENTRY org.eclipse.update.configurator 4 0 2014-10-02 15:47:26.157
!MESSAGE Could not install bundle plugins/org.eclipse.datatools.connectivity.oda.profile_3.2.9.v201307270622.jar   Bundle "org.eclipse.datatools.connectivity.oda.profile" version "3.2.9.v201307270622" has already been installed from: reference:file:/C:/Users/labry/Downloads/eclipse-jee-kepler-SR2-win32-x86_64/eclipse/plugins/org.eclipse.datatools.connectivity.oda.profile_3.2.9.v201307270622.jar

!ENTRY org.eclipse.update.configurator 4 0 2014-10-02 15:47:26.159
!MESSAGE Could not install bundle plugins/org.eclipse.datatools.connectivity.oda.template.ui_3.2.4.v201301111130.jar   Bundle "org.eclipse.datatools.connectivity.oda.template.ui" version "3.2.4.v201301111130" has already been installed from: reference:file:/C:/Users/labry/Downloads/eclipse-jee-kepler-SR2-win32-x86_64/eclipse/plugins/org.eclipse.datatools.connectivity.oda.template.ui_3.2.4.v201301111130.jar

!ENTRY org.eclipse.update.configurator 4 0 2014-10-02 15:47:26.161
!MESSAGE Could not install bundle plugins/org.eclipse.datatools.connectivity.oda_3.4.2.v201311051159.jar   Bundle "org.eclipse.datatools.connectivity.oda" version "3.4.2.v201311051159" has already been installed from: reference:file:/C:/Users/labry/Downloads/eclipse-jee-kepler-SR2-win32-x86_64/eclipse/plugins/org.eclipse.datatools.connectivity.oda_3.4.2.v201311051159.jar

!ENTRY org.eclipse.update.configurator 4 0 2014-10-02 15:47:26.163
!MESSAGE Could not install bundle plugins/org.eclipse.datatools.connectivity.sqm.core.ui_1.2.3.v201212070447.jar   Bundle "org.eclipse.datatools.connectivity.sqm.core.ui" version "1.2.3.v201212070447" has already been installed from: reference:file:/C:/Users/labry/Downloads/eclipse-jee-kepler-SR2-win32-x86_64/eclipse/plugins/org.eclipse.datatools.connectivity.sqm.core.ui_1.2.3.v201212070447.jar

!ENTRY org.eclipse.update.configurator 4 0 2014-10-02 15:47:26.165
!MESSAGE Could not install bundle plugins/org.eclipse.datatools.connectivity.sqm.core_1.2.8.v201401230755.jar   Bundle "org.eclipse.datatools.connectivity.sqm.core" version "1.2.8.v201401230755" has already been installed from: reference:file:/C:/Users/labry/Downloads/eclipse-jee-kepler-SR2-win32-x86_64/eclipse/plugins/org.eclipse.datatools.connectivity.sqm.core_1.2.8.v201401230755.jar

!ENTRY org.eclipse.update.configurator 4 0 2014-10-02 15:47:26.167
!MESSAGE Could not install bundle plugins/org.eclipse.datatools.connectivity.sqm.server.ui_1.1.101.v201212070447.jar   Bundle "org.eclipse.datatools.connectivity.sqm.server.ui" version "1.1.101.v201212070447" has already been installed from: reference:file:/C:/Users/labry/Downloads/eclipse-jee-kepler-SR2-win32-x86_64/eclipse/plugins/org.eclipse.datatools.connectivity.sqm.server.ui_1.1.101.v201212070447.jar

!ENTRY org.eclipse.update.configurator 4 0 2014-10-02 15:47:26.169
!MESSAGE Could not install bundle plugins/org.eclipse.datatools.connectivity.ui.dse_1.1.5.v201212070447.jar   Bundle "org.eclipse.datatools.connectivity.ui.dse" version "1.1.5.v201212070447" has already been installed from: reference:file:/C:/Users/labry/Downloads/eclipse-jee-kepler-SR2-win32-x86_64/eclipse/plugins/org.eclipse.datatools.connectivity.ui.dse_1.1.5.v201212070447.jar

!ENTRY org.eclipse.update.configurator 4 0 2014-10-02 15:47:26.171
!MESSAGE Could not install bundle plugins/org.eclipse.datatools.connectivity.ui_1.2.4.v201212070447.jar   Bundle "org.eclipse.datatools.connectivity.ui" version "1.2.4.v201212070447" has already been installed from: reference:file:/C:/Users/labry/Downloads/eclipse-jee-kepler-SR2-win32-x86_64/eclipse/plugins/org.eclipse.datatools.connectivity.ui_1.2.4.v201212070447.jar

!ENTRY org.eclipse.update.configurator 4 0 2014-10-02 15:47:26.173
!MESSAGE Could not install bundle plugins/org.eclipse.datatools.connectivity_1.2.11.v201401230755.jar   Bundle "org.eclipse.datatools.connectivity" version "1.2.11.v201401230755" has already been installed from: reference:file:/C:/Users/labry/Downloads/eclipse-jee-kepler-SR2-win32-x86_64/eclipse/plugins/org.eclipse.datatools.connectivity_1.2.11.v201401230755.jar

!ENTRY org.eclipse.update.configurator 4 0 2014-10-02 15:47:26.174
!MESSAGE Could not install bundle plugins/org.eclipse.datatools.doc.user_1.7.0.20090521092446.jar   Bundle "org.eclipse.datatools.doc.user" version "1.7.0.20090521092446" has already been installed from: reference:file:/C:/Users/labry/Downloads/eclipse-jee-kepler-SR2-win32-x86_64/eclipse/plugins/org.eclipse.datatools.doc.user_1.7.0.20090521092446.jar

!ENTRY org.eclipse.update.configurator 4 0 2014-10-02 15:47:26.176
!MESSAGE Could not install bundle plugins/org.eclipse.datatools.enablement.finfo_1.5.1.v200906161800.jar   Bundle "org.eclipse.datatools.enablement.finfo" version "1.5.1.v200906161800" has already been installed from: reference:file:/C:/Users/labry/Downloads/eclipse-jee-kepler-SR2-win32-x86_64/eclipse/plugins/org.eclipse.datatools.enablement.finfo_1.5.1.v200906161800.jar

!ENTRY org.eclipse.update.configurator 4 0 2014-10-02 15:47:26.178
!MESSAGE Could not install bundle plugins/org.eclipse.datatools.enablement.hsqldb.dbdefinition_1.0.0.v201107221502.jar   Bundle "org.eclipse.datatools.enablement.hsqldb.dbdefinition" version "1.0.0.v201107221502" has already been installed from: reference:file:/C:/Users/labry/Downloads/eclipse-jee-kepler-SR2-win32-x86_64/eclipse/plugins/org.eclipse.datatools.enablement.hsqldb.dbdefinition_1.0.0.v201107221502.jar

!ENTRY org.eclipse.update.configurator 4 0 2014-10-02 15:47:26.180
!MESSAGE Could not install bundle plugins/org.eclipse.datatools.enablement.hsqldb.ui_1.0.0.v201108120600.jar   Bundle "org.eclipse.datatools.enablement.hsqldb.ui" version "1.0.0.v201108120600" has already been installed from: reference:file:/C:/Users/labry/Downloads/eclipse-jee-kepler-SR2-win32-x86_64/eclipse/plugins/org.eclipse.datatools.enablement.hsqldb.ui_1.0.0.v201108120600.jar

!ENTRY org.eclipse.update.configurator 4 0 2014-10-02 15:47:26.181
!MESSAGE Could not install bundle plugins/org.eclipse.datatools.enablement.hsqldb_1.0.0.v201107221502.jar   Bundle "org.eclipse.datatools.enablement.hsqldb" version "1.0.0.v201107221502" has already been installed from: reference:file:/C:/Users/labry/Downloads/eclipse-jee-kepler-SR2-win32-x86_64/eclipse/plugins/org.eclipse.datatools.enablement.hsqldb_1.0.0.v201107221502.jar

!ENTRY org.eclipse.update.configurator 4 0 2014-10-02 15:47:26.183
!MESSAGE Could not install bundle plugins/org.eclipse.datatools.enablement.ibm.db2.iseries.dbdefinition_1.0.3.v201107221502.jar   Bundle "org.eclipse.datatools.enablement.ibm.db2.iseries.dbdefinition" version "1.0.3.v201107221502" has already been installed from: reference:file:/C:/Users/labry/Downloads/eclipse-jee-kepler-SR2-win32-x86_64/eclipse/plugins/org.eclipse.datatools.enablement.ibm.db2.iseries.dbdefinition_1.0.3.v201107221502.jar

!ENTRY org.eclipse.update.configurator 4 0 2014-10-02 15:47:26.186
!MESSAGE Could not install bundle plugins/org.eclipse.datatools.enablement.ibm.db2.iseries.ui_1.0.3.v201212120614.jar   Bundle "org.eclipse.datatools.enablement.ibm.db2.iseries.ui" version "1.0.3.v201212120614" has already been installed from: reference:file:/C:/Users/labry/Downloads/eclipse-jee-kepler-SR2-win32-x86_64/eclipse/plugins/org.eclipse.datatools.enablement.ibm.db2.iseries.ui_1.0.3.v201212120614.jar

!ENTRY org.eclipse.update.configurator 4 0 2014-10-02 15:47:26.187
!MESSAGE Could not install bundle plugins/org.eclipse.datatools.enablement.ibm.db2.iseries_1.0.2.v201107221502.jar   Bundle "org.eclipse.datatools.enablement.ibm.db2.iseries" version "1.0.2.v201107221502" has already been installed from: reference:file:/C:/Users/labry/Downloads/eclipse-jee-kepler-SR2-win32-x86_64/eclipse/plugins/org.eclipse.datatools.enablement.ibm.db2.iseries_1.0.2.v201107221502.jar

!ENTRY org.eclipse.update.configurator 4 0 2014-10-02 15:47:26.189
!MESSAGE Could not install bundle plugins/org.eclipse.datatools.enablement.ibm.db2.luw.dbdefinition_1.0.6.v201401290336.jar   Bundle "org.eclipse.datatools.enablement.ibm.db2.luw.dbdefinition" version "1.0.6.v201401290336" has already been installed from: reference:file:/C:/Users/labry/Downloads/eclipse-jee-kepler-SR2-win32-x86_64/eclipse/plugins/org.eclipse.datatools.enablement.ibm.db2.luw.dbdefinition_1.0.6.v201401290336.jar

!ENTRY org.eclipse.update.configurator 4 0 2014-10-02 15:47:26.191
!MESSAGE Could not install bundle plugins/org.eclipse.datatools.enablement.ibm.db2.luw.ui_1.0.6.v201402010752.jar   Bundle "org.eclipse.datatools.enablement.ibm.db2.luw.ui" version "1.0.6.v201402010752" has already been installed from: reference:file:/C:/Users/labry/Downloads/eclipse-jee-kepler-SR2-win32-x86_64/eclipse/plugins/org.eclipse.datatools.enablement.ibm.db2.luw.ui_1.0.6.v201402010752.jar

!ENTRY org.eclipse.update.configurator 4 0 2014-10-02 15:47:26.193
!MESSAGE Could not install bundle plugins/org.eclipse.datatools.enablement.ibm.db2.luw_1.0.3.v201401170830.jar   Bundle "org.eclipse.datatools.enablement.ibm.db2.luw" version "1.0.3.v201401170830" has already been installed from: reference:file:/C:/Users/labry/Downloads/eclipse-jee-kepler-SR2-win32-x86_64/eclipse/plugins/org.eclipse.datatools.enablement.ibm.db2.luw_1.0.3.v201401170830.jar

!ENTRY org.eclipse.update.configurator 4 0 2014-10-02 15:47:26.195
!MESSAGE Could not install bundle plugins/org.eclipse.datatools.enablement.ibm.db2.zseries.dbdefinition_1.0.4.v201107221502.jar   Bundle "org.eclipse.datatools.enablement.ibm.db2.zseries.dbdefinition" version "1.0.4.v201107221502" has already been installed from: reference:file:/C:/Users/labry/Downloads/eclipse-jee-kepler-SR2-win32-x86_64/eclipse/plugins/org.eclipse.datatools.enablement.ibm.db2.zseries.dbdefinition_1.0.4.v201107221502.jar

!ENTRY org.eclipse.update.configurator 4 0 2014-10-02 15:47:26.196
!MESSAGE Could not install bundle plugins/org.eclipse.datatools.enablement.ibm.db2.zseries.ui_1.0.2.v201202100836.jar   Bundle "org.eclipse.datatools.enablement.ibm.db2.zseries.ui" version "1.0.2.v201202100836" has already been installed from: reference:file:/C:/Users/labry/Downloads/eclipse-jee-kepler-SR2-win32-x86_64/eclipse/plugins/org.eclipse.datatools.enablement.ibm.db2.zseries.ui_1.0.2.v201202100836.jar

!ENTRY org.eclipse.update.configurator 4 0 2014-10-02 15:47:26.198
!MESSAGE Could not install bundle plugins/org.eclipse.datatools.enablement.ibm.db2.zseries_1.0.2.v201107221502.jar   Bundle "org.eclipse.datatools.enablement.ibm.db2.zseries" version "1.0.2.v201107221502" has already been installed from: reference:file:/C:/Users/labry/Downloads/eclipse-jee-kepler-SR2-win32-x86_64/eclipse/plugins/org.eclipse.datatools.enablement.ibm.db2.zseries_1.0.2.v201107221502.jar

!ENTRY org.eclipse.update.configurator 4 0 2014-10-02 15:47:26.200
!MESSAGE Could not install bundle plugins/org.eclipse.datatools.enablement.ibm.db2_1.0.0.v201401170830.jar   Bundle "org.eclipse.datatools.enablement.ibm.db2" version "1.0.0.v201401170830" has already been installed from: reference:file:/C:/Users/labry/Downloads/eclipse-jee-kepler-SR2-win32-x86_64/eclipse/plugins/org.eclipse.datatools.enablement.ibm.db2_1.0.0.v201401170830.jar

!ENTRY org.eclipse.update.configurator 4 0 2014-10-02 15:47:26.202
!MESSAGE Could not install bundle plugins/org.eclipse.datatools.enablement.ibm.informix.dbdefinition_1.0.4.v201107221502.jar   Bundle "org.eclipse.datatools.enablement.ibm.informix.dbdefinition" version "1.0.4.v201107221502" has already been installed from: reference:file:/C:/Users/labry/Downloads/eclipse-jee-kepler-SR2-win32-x86_64/eclipse/plugins/org.eclipse.datatools.enablement.ibm.informix.dbdefinition_1.0.4.v201107221502.jar

!ENTRY org.eclipse.update.configurator 4 0 2014-10-02 15:47:26.204
!MESSAGE Could not install bundle plugins/org.eclipse.datatools.enablement.ibm.informix.ui_1.0.3.v201202100836.jar   Bundle "org.eclipse.datatools.enablement.ibm.informix.ui" version "1.0.3.v201202100836" has already been installed from: reference:file:/C:/Users/labry/Downloads/eclipse-jee-kepler-SR2-win32-x86_64/eclipse/plugins/org.eclipse.datatools.enablement.ibm.informix.ui_1.0.3.v201202100836.jar

!ENTRY org.eclipse.update.configurator 4 0 2014-10-02 15:47:26.206
!MESSAGE Could not install bundle plugins/org.eclipse.datatools.enablement.ibm.informix_1.0.1.v201107221502.jar   Bundle "org.eclipse.datatools.enablement.ibm.informix" version "1.0.1.v201107221502" has already been installed from: reference:file:/C:/Users/labry/Downloads/eclipse-jee-kepler-SR2-win32-x86_64/eclipse/plugins/org.eclipse.datatools.enablement.ibm.informix_1.0.1.v201107221502.jar

!ENTRY org.eclipse.update.configurator 4 0 2014-10-02 15:47:26.207
!MESSAGE Could not install bundle plugins/org.eclipse.datatools.enablement.ibm.ui_1.0.0.v201107221502.jar   Bundle "org.eclipse.datatools.enablement.ibm.ui" version "1.0.0.v201107221502" has already been installed from: reference:file:/C:/Users/labry/Downloads/eclipse-jee-kepler-SR2-win32-x86_64/eclipse/plugins/org.eclipse.datatools.enablement.ibm.ui_1.0.0.v201107221502.jar

!ENTRY org.eclipse.update.configurator 4 0 2014-10-02 15:47:26.209
!MESSAGE Could not install bundle plugins/org.eclipse.datatools.enablement.ibm_1.0.0.v201401170830.jar   Bundle "org.eclipse.datatools.enablement.ibm" version "1.0.0.v201401170830" has already been installed from: reference:file:/C:/Users/labry/Downloads/eclipse-jee-kepler-SR2-win32-x86_64/eclipse/plugins/org.eclipse.datatools.enablement.ibm_1.0.0.v201401170830.jar

!ENTRY org.eclipse.update.configurator 4 0 2014-10-02 15:47:26.211
!MESSAGE Could not install bundle plugins/org.eclipse.datatools.enablement.ingres.dbdefinition_1.0.0.v200906161800.jar   Bundle "org.eclipse.datatools.enablement.ingres.dbdefinition" version "1.0.0.v200906161800" has already been installed from: reference:file:/C:/Users/labry/Downloads/eclipse-jee-kepler-SR2-win32-x86_64/eclipse/plugins/org.eclipse.datatools.enablement.ingres.dbdefinition_1.0.0.v200906161800.jar

!ENTRY org.eclipse.update.configurator 4 0 2014-10-02 15:47:26.213
!MESSAGE Could not install bundle plugins/org.eclipse.datatools.enablement.ingres.ui_1.0.0.v201105270214.jar   Bundle "org.eclipse.datatools.enablement.ingres.ui" version "1.0.0.v201105270214" has already been installed from: reference:file:/C:/Users/labry/Downloads/eclipse-jee-kepler-SR2-win32-x86_64/eclipse/plugins/org.eclipse.datatools.enablement.ingres.ui_1.0.0.v201105270214.jar

!ENTRY org.eclipse.update.configurator 4 0 2014-10-02 15:47:26.215
!MESSAGE Could not install bundle plugins/org.eclipse.datatools.enablement.ingres_1.0.0.v200906111150.jar   Bundle "org.eclipse.datatools.enablement.ingres" version "1.0.0.v200906111150" has already been installed from: reference:file:/C:/Users/labry/Downloads/eclipse-jee-kepler-SR2-win32-x86_64/eclipse/plugins/org.eclipse.datatools.enablement.ingres_1.0.0.v200906111150.jar

!ENTRY org.eclipse.update.configurator 4 0 2014-10-02 15:47:26.217
!MESSAGE Could not install bundle plugins/org.eclipse.datatools.enablement.jdt.classpath_1.0.1.v201107221501.jar   Bundle "org.eclipse.datatools.enablement.jdt.classpath" version "1.0.1.v201107221501" has already been installed from: reference:file:/C:/Users/labry/Downloads/eclipse-jee-kepler-SR2-win32-x86_64/eclipse/plugins/org.eclipse.datatools.enablement.jdt.classpath_1.0.1.v201107221501.jar

!ENTRY org.eclipse.update.configurator 4 0 2014-10-02 15:47:26.219
!MESSAGE Could not install bundle plugins/org.eclipse.datatools.enablement.msft.sqlserver.dbdefinition_1.0.1.v201201240505.jar   Bundle "org.eclipse.datatools.enablement.msft.sqlserver.dbdefinition" version "1.0.1.v201201240505" has already been installed from: reference:file:/C:/Users/labry/Downloads/eclipse-jee-kepler-SR2-win32-x86_64/eclipse/plugins/org.eclipse.datatools.enablement.msft.sqlserver.dbdefinition_1.0.1.v201201240505.jar

!ENTRY org.eclipse.update.configurator 4 0 2014-10-02 15:47:26.221
!MESSAGE Could not install bundle plugins/org.eclipse.datatools.enablement.msft.sqlserver.ui_1.0.4.v201308031011.jar   Bundle "org.eclipse.datatools.enablement.msft.sqlserver.ui" version "1.0.4.v201308031011" has already been installed from: reference:file:/C:/Users/labry/Downloads/eclipse-jee-kepler-SR2-win32-x86_64/eclipse/plugins/org.eclipse.datatools.enablement.msft.sqlserver.ui_1.0.4.v201308031011.jar

!ENTRY org.eclipse.update.configurator 4 0 2014-10-02 15:47:26.223
!MESSAGE Could not install bundle plugins/org.eclipse.datatools.enablement.msft.sqlserver_1.0.3.v201308161009.jar   Bundle "org.eclipse.datatools.enablement.msft.sqlserver" version "1.0.3.v201308161009" has already been installed from: reference:file:/C:/Users/labry/Downloads/eclipse-jee-kepler-SR2-win32-x86_64/eclipse/plugins/org.eclipse.datatools.enablement.msft.sqlserver_1.0.3.v201308161009.jar

!ENTRY org.eclipse.update.configurator 4 0 2014-10-02 15:47:26.225
!MESSAGE Could not install bundle plugins/org.eclipse.datatools.enablement.mysql.dbdefinition_1.0.4.v201109022331.jar   Bundle "org.eclipse.datatools.enablement.mysql.dbdefinition" version "1.0.4.v201109022331" has already been installed from: reference:file:/C:/Users/labry/Downloads/eclipse-jee-kepler-SR2-win32-x86_64/eclipse/plugins/org.eclipse.datatools.enablement.mysql.dbdefinition_1.0.4.v201109022331.jar

!ENTRY org.eclipse.update.configurator 4 0 2014-10-02 15:47:26.227
!MESSAGE Could not install bundle plugins/org.eclipse.datatools.enablement.mysql.ui_1.0.0.v201109022331.jar   Bundle "org.eclipse.datatools.enablement.mysql.ui" version "1.0.0.v201109022331" has already been installed from: reference:file:/C:/Users/labry/Downloads/eclipse-jee-kepler-SR2-win32-x86_64/eclipse/plugins/org.eclipse.datatools.enablement.mysql.ui_1.0.0.v201109022331.jar

!ENTRY org.eclipse.update.configurator 4 0 2014-10-02 15:47:26.229
!MESSAGE Could not install bundle plugins/org.eclipse.datatools.enablement.mysql_1.0.4.v201212120617.jar   Bundle "org.eclipse.datatools.enablement.mysql" version "1.0.4.v201212120617" has already been installed from: reference:file:/C:/Users/labry/Downloads/eclipse-jee-kepler-SR2-win32-x86_64/eclipse/plugins/org.eclipse.datatools.enablement.mysql_1.0.4.v201212120617.jar

!ENTRY org.eclipse.update.configurator 4 0 2014-10-02 15:47:26.231
!MESSAGE Could not install bundle plugins/org.eclipse.datatools.enablement.oda.ws.ui_1.2.6.v201308091040.jar   Bundle "org.eclipse.datatools.enablement.oda.ws.ui" version "1.2.6.v201308091040" has already been installed from: reference:file:/C:/Users/labry/Downloads/eclipse-jee-kepler-SR2-win32-x86_64/eclipse/plugins/org.eclipse.datatools.enablement.oda.ws.ui_1.2.6.v201308091040.jar

!ENTRY org.eclipse.update.configurator 4 0 2014-10-02 15:47:26.233
!MESSAGE Could not install bundle plugins/org.eclipse.datatools.enablement.oda.ws_1.2.6.v201307051812.jar   Bundle "org.eclipse.datatools.enablement.oda.ws" version "1.2.6.v201307051812" has already been installed from: reference:file:/C:/Users/labry/Downloads/eclipse-jee-kepler-SR2-win32-x86_64/eclipse/plugins/org.eclipse.datatools.enablement.oda.ws_1.2.6.v201307051812.jar

!ENTRY org.eclipse.update.configurator 4 0 2014-10-02 15:47:26.235
!MESSAGE Could not install bundle plugins/org.eclipse.datatools.enablement.oda.xml.ui_1.2.7.v201309031044.jar   Bundle "org.eclipse.datatools.enablement.oda.xml.ui" version "1.2.7.v201309031044" has already been installed from: reference:file:/C:/Users/labry/Downloads/eclipse-jee-kepler-SR2-win32-x86_64/eclipse/plugins/org.eclipse.datatools.enablement.oda.xml.ui_1.2.7.v201309031044.jar

!ENTRY org.eclipse.update.configurator 4 0 2014-10-02 15:47:26.238
!MESSAGE Could not install bundle plugins/org.eclipse.datatools.enablement.oda.xml_1.2.5.v201305031101.jar   Bundle "org.eclipse.datatools.enablement.oda.xml" version "1.2.5.v201305031101" has already been installed from: reference:file:/C:/Users/labry/Downloads/eclipse-jee-kepler-SR2-win32-x86_64/eclipse/plugins/org.eclipse.datatools.enablement.oda.xml_1.2.5.v201305031101.jar

!ENTRY org.eclipse.update.configurator 4 0 2014-10-02 15:47:26.239
!MESSAGE Could not install bundle plugins/org.eclipse.datatools.enablement.oracle.dbdefinition_1.0.103.v201206010214.jar   Bundle "org.eclipse.datatools.enablement.oracle.dbdefinition" version "1.0.103.v201206010214" has already been installed from: reference:file:/C:/Users/labry/Downloads/eclipse-jee-kepler-SR2-win32-x86_64/eclipse/plugins/org.eclipse.datatools.enablement.oracle.dbdefinition_1.0.103.v201206010214.jar

!ENTRY org.eclipse.update.configurator 4 0 2014-10-02 15:47:26.241
!MESSAGE Could not install bundle plugins/org.eclipse.datatools.enablement.oracle.ui_1.0.3.v201201131121.jar   Bundle "org.eclipse.datatools.enablement.oracle.ui" version "1.0.3.v201201131121" has already been installed from: reference:file:/C:/Users/labry/Downloads/eclipse-jee-kepler-SR2-win32-x86_64/eclipse/plugins/org.eclipse.datatools.enablement.oracle.ui_1.0.3.v201201131121.jar

!ENTRY org.eclipse.update.configurator 4 0 2014-10-02 15:47:26.243
!MESSAGE Could not install bundle plugins/org.eclipse.datatools.enablement.oracle_1.0.0.v201107221506.jar   Bundle "org.eclipse.datatools.enablement.oracle" version "1.0.0.v201107221506" has already been installed from: reference:file:/C:/Users/labry/Downloads/eclipse-jee-kepler-SR2-win32-x86_64/eclipse/plugins/org.eclipse.datatools.enablement.oracle_1.0.0.v201107221506.jar

!ENTRY org.eclipse.update.configurator 4 0 2014-10-02 15:47:26.245
!MESSAGE Could not install bundle plugins/org.eclipse.datatools.enablement.postgresql.dbdefinition_1.0.2.v201110070445.jar   Bundle "org.eclipse.datatools.enablement.postgresql.dbdefinition" version "1.0.2.v201110070445" has already been installed from: reference:file:/C:/Users/labry/Downloads/eclipse-jee-kepler-SR2-win32-x86_64/eclipse/plugins/org.eclipse.datatools.enablement.postgresql.dbdefinition_1.0.2.v201110070445.jar

!ENTRY org.eclipse.update.configurator 4 0 2014-10-02 15:47:26.247
!MESSAGE Could not install bundle plugins/org.eclipse.datatools.enablement.postgresql.ui_1.0.0.v201107221506.jar   Bundle "org.eclipse.datatools.enablement.postgresql.ui" version "1.0.0.v201107221506" has already been installed from: reference:file:/C:/Users/labry/Downloads/eclipse-jee-kepler-SR2-win32-x86_64/eclipse/plugins/org.eclipse.datatools.enablement.postgresql.ui_1.0.0.v201107221506.jar

!ENTRY org.eclipse.update.configurator 4 0 2014-10-02 15:47:26.248
!MESSAGE Could not install bundle plugins/org.eclipse.datatools.enablement.postgresql_1.1.1.v201205252207.jar   Bundle "org.eclipse.datatools.enablement.postgresql" version "1.1.1.v201205252207" has already been installed from: reference:file:/C:/Users/labry/Downloads/eclipse-jee-kepler-SR2-win32-x86_64/eclipse/plugins/org.eclipse.datatools.enablement.postgresql_1.1.1.v201205252207.jar

!ENTRY org.eclipse.update.configurator 4 0 2014-10-02 15:47:26.250
!MESSAGE Could not install bundle plugins/org.eclipse.datatools.enablement.sap.maxdb.dbdefinition_1.0.0.v201107221507.jar   Bundle "org.eclipse.datatools.enablement.sap.maxdb.dbdefinition" version "1.0.0.v201107221507" has already been installed from: reference:file:/C:/Users/labry/Downloads/eclipse-jee-kepler-SR2-win32-x86_64/eclipse/plugins/org.eclipse.datatools.enablement.sap.maxdb.dbdefinition_1.0.0.v201107221507.jar

!ENTRY org.eclipse.update.configurator 4 0 2014-10-02 15:47:26.253
!MESSAGE Could not install bundle plugins/org.eclipse.datatools.enablement.sap.maxdb.ui_1.0.0.v201107221507.jar   Bundle "org.eclipse.datatools.enablement.sap.maxdb.ui" version "1.0.0.v201107221507" has already been installed from: reference:file:/C:/Users/labry/Downloads/eclipse-jee-kepler-SR2-win32-x86_64/eclipse/plugins/org.eclipse.datatools.enablement.sap.maxdb.ui_1.0.0.v201107221507.jar

!ENTRY org.eclipse.update.configurator 4 0 2014-10-02 15:47:26.254
!MESSAGE Could not install bundle plugins/org.eclipse.datatools.enablement.sap.maxdb_1.0.0.v201107221507.jar   Bundle "org.eclipse.datatools.enablement.sap.maxdb" version "1.0.0.v201107221507" has already been installed from: reference:file:/C:/Users/labry/Downloads/eclipse-jee-kepler-SR2-win32-x86_64/eclipse/plugins/org.eclipse.datatools.enablement.sap.maxdb_1.0.0.v201107221507.jar

!ENTRY org.eclipse.update.configurator 4 0 2014-10-02 15:47:26.256
!MESSAGE Could not install bundle plugins/org.eclipse.datatools.enablement.sqlite.dbdefinition_1.0.2.v201206010441.jar   Bundle "org.eclipse.datatools.enablement.sqlite.dbdefinition" version "1.0.2.v201206010441" has already been installed from: reference:file:/C:/Users/labry/Downloads/eclipse-jee-kepler-SR2-win32-x86_64/eclipse/plugins/org.eclipse.datatools.enablement.sqlite.dbdefinition_1.0.2.v201206010441.jar

!ENTRY org.eclipse.update.configurator 4 0 2014-10-02 15:47:26.258
!MESSAGE Could not install bundle plugins/org.eclipse.datatools.enablement.sqlite.ui_1.0.0.v201107221507.jar   Bundle "org.eclipse.datatools.enablement.sqlite.ui" version "1.0.0.v201107221507" has already been installed from: reference:file:/C:/Users/labry/Downloads/eclipse-jee-kepler-SR2-win32-x86_64/eclipse/plugins/org.eclipse.datatools.enablement.sqlite.ui_1.0.0.v201107221507.jar

!ENTRY org.eclipse.update.configurator 4 0 2014-10-02 15:47:26.260
!MESSAGE Could not install bundle plugins/org.eclipse.datatools.enablement.sqlite_1.0.0.v201002041100.jar   Bundle "org.eclipse.datatools.enablement.sqlite" version "1.0.0.v201002041100" has already been installed from: reference:file:/C:/Users/labry/Downloads/eclipse-jee-kepler-SR2-win32-x86_64/eclipse/plugins/org.eclipse.datatools.enablement.sqlite_1.0.0.v201002041100.jar

!ENTRY org.eclipse.update.configurator 4 0 2014-10-02 15:47:26.262
!MESSAGE Could not install bundle plugins/org.eclipse.datatools.enablement.sybase.asa.dbdefinition_1.0.0.v200906161800.jar   Bundle "org.eclipse.datatools.enablement.sybase.asa.dbdefinition" version "1.0.0.v200906161800" has already been installed from: reference:file:/C:/Users/labry/Downloads/eclipse-jee-kepler-SR2-win32-x86_64/eclipse/plugins/org.eclipse.datatools.enablement.sybase.asa.dbdefinition_1.0.0.v200906161800.jar

!ENTRY org.eclipse.update.configurator 4 0 2014-10-02 15:47:26.264
!MESSAGE Could not install bundle plugins/org.eclipse.datatools.enablement.sybase.asa.models_1.0.0.v201107221507.jar   Bundle "org.eclipse.datatools.enablement.sybase.asa.models" version "1.0.0.v201107221507" has already been installed from: reference:file:/C:/Users/labry/Downloads/eclipse-jee-kepler-SR2-win32-x86_64/eclipse/plugins/org.eclipse.datatools.enablement.sybase.asa.models_1.0.0.v201107221507.jar

!ENTRY org.eclipse.update.configurator 4 0 2014-10-02 15:47:26.266
!MESSAGE Could not install bundle plugins/org.eclipse.datatools.enablement.sybase.asa.schemaobjecteditor.examples_2.5.0.200810071.jar   Bundle "org.eclipse.datatools.enablement.sybase.asa.schemaobjecteditor.examples" version "2.5.0.200810071" has already been installed from: reference:file:/C:/Users/labry/Downloads/eclipse-jee-kepler-SR2-win32-x86_64/eclipse/plugins/org.eclipse.datatools.enablement.sybase.asa.schemaobjecteditor.examples_2.5.0.200810071.jar

!ENTRY org.eclipse.update.configurator 4 0 2014-10-02 15:47:26.268
!MESSAGE Could not install bundle plugins/org.eclipse.datatools.enablement.sybase.asa.ui_1.0.1.v200906111204.jar   Bundle "org.eclipse.datatools.enablement.sybase.asa.ui" version "1.0.1.v200906111204" has already been installed from: reference:file:/C:/Users/labry/Downloads/eclipse-jee-kepler-SR2-win32-x86_64/eclipse/plugins/org.eclipse.datatools.enablement.sybase.asa.ui_1.0.1.v200906111204.jar

!ENTRY org.eclipse.update.configurator 4 0 2014-10-02 15:47:26.270
!MESSAGE Could not install bundle plugins/org.eclipse.datatools.enablement.sybase.asa_1.0.2.v201212120618.jar   Bundle "org.eclipse.datatools.enablement.sybase.asa" version "1.0.2.v201212120618" has already been installed from: reference:file:/C:/Users/labry/Downloads/eclipse-jee-kepler-SR2-win32-x86_64/eclipse/plugins/org.eclipse.datatools.enablement.sybase.asa_1.0.2.v201212120618.jar

!ENTRY org.eclipse.update.configurator 4 0 2014-10-02 15:47:26.271
!MESSAGE Could not install bundle plugins/org.eclipse.datatools.enablement.sybase.ase.dbdefinition_1.0.0.v201107221507.jar   Bundle "org.eclipse.datatools.enablement.sybase.ase.dbdefinition" version "1.0.0.v201107221507" has already been installed from: reference:file:/C:/Users/labry/Downloads/eclipse-jee-kepler-SR2-win32-x86_64/eclipse/plugins/org.eclipse.datatools.enablement.sybase.ase.dbdefinition_1.0.0.v201107221507.jar

!ENTRY org.eclipse.update.configurator 4 0 2014-10-02 15:47:26.273
!MESSAGE Could not install bundle plugins/org.eclipse.datatools.enablement.sybase.ase.models_1.0.1.v201010140307.jar   Bundle "org.eclipse.datatools.enablement.sybase.ase.models" version "1.0.1.v201010140307" has already been installed from: reference:file:/C:/Users/labry/Downloads/eclipse-jee-kepler-SR2-win32-x86_64/eclipse/plugins/org.eclipse.datatools.enablement.sybase.ase.models_1.0.1.v201010140307.jar

!ENTRY org.eclipse.update.configurator 4 0 2014-10-02 15:47:26.275
!MESSAGE Could not install bundle plugins/org.eclipse.datatools.enablement.sybase.ase.ui_1.0.1.v200906020900.jar   Bundle "org.eclipse.datatools.enablement.sybase.ase.ui" version "1.0.1.v200906020900" has already been installed from: reference:file:/C:/Users/labry/Downloads/eclipse-jee-kepler-SR2-win32-x86_64/eclipse/plugins/org.eclipse.datatools.enablement.sybase.ase.ui_1.0.1.v200906020900.jar

!ENTRY org.eclipse.update.configurator 4 0 2014-10-02 15:47:26.277
!MESSAGE Could not install bundle plugins/org.eclipse.datatools.enablement.sybase.ase_1.0.3.v201212120618.jar   Bundle "org.eclipse.datatools.enablement.sybase.ase" version "1.0.3.v201212120618" has already been installed from: reference:file:/C:/Users/labry/Downloads/eclipse-jee-kepler-SR2-win32-x86_64/eclipse/plugins/org.eclipse.datatools.enablement.sybase.ase_1.0.3.v201212120618.jar

!ENTRY org.eclipse.update.configurator 4 0 2014-10-02 15:47:26.279
!MESSAGE Could not install bundle plugins/org.eclipse.datatools.enablement.sybase.models_1.0.0.v201010140307.jar   Bundle "org.eclipse.datatools.enablement.sybase.models" version "1.0.0.v201010140307" has already been installed from: reference:file:/C:/Users/labry/Downloads/eclipse-jee-kepler-SR2-win32-x86_64/eclipse/plugins/org.eclipse.datatools.enablement.sybase.models_1.0.0.v201010140307.jar

!ENTRY org.eclipse.update.configurator 4 0 2014-10-02 15:47:26.281
!MESSAGE Could not install bundle plugins/org.eclipse.datatools.enablement.sybase.ui_1.0.0.v200906090452.jar   Bundle "org.eclipse.datatools.enablement.sybase.ui" version "1.0.0.v200906090452" has already been installed from: reference:file:/C:/Users/labry/Downloads/eclipse-jee-kepler-SR2-win32-x86_64/eclipse/plugins/org.eclipse.datatools.enablement.sybase.ui_1.0.0.v200906090452.jar

!ENTRY org.eclipse.update.configurator 4 0 2014-10-02 15:47:26.283
!MESSAGE Could not install bundle plugins/org.eclipse.datatools.enablement.sybase_1.0.1.v201107221507.jar   Bundle "org.eclipse.datatools.enablement.sybase" version "1.0.1.v201107221507" has already been installed from: reference:file:/C:/Users/labry/Downloads/eclipse-jee-kepler-SR2-win32-x86_64/eclipse/plugins/org.eclipse.datatools.enablement.sybase_1.0.1.v201107221507.jar

!ENTRY org.eclipse.update.configurator 4 0 2014-10-02 15:47:26.284
!MESSAGE Could not install bundle plugins/org.eclipse.datatools.help_1.5.0.v200906020553.jar   Bundle "org.eclipse.datatools.help" version "1.5.0.v200906020553" has already been installed from: reference:file:/C:/Users/labry/Downloads/eclipse-jee-kepler-SR2-win32-x86_64/eclipse/plugins/org.eclipse.datatools.help_1.5.0.v200906020553.jar

!ENTRY org.eclipse.update.configurator 4 0 2014-10-02 15:47:26.286
!MESSAGE Could not install bundle plugins/org.eclipse.datatools.intro_1.7.0.v201005281800.jar   Bundle "org.eclipse.datatools.intro" version "1.7.0.v201005281800" has already been installed from: reference:file:/C:/Users/labry/Downloads/eclipse-jee-kepler-SR2-win32-x86_64/eclipse/plugins/org.eclipse.datatools.intro_1.7.0.v201005281800.jar

!ENTRY org.eclipse.update.configurator 4 0 2014-10-02 15:47:26.288
!MESSAGE Could not install bundle plugins/org.eclipse.datatools.modelbase.dbdefinition_1.0.2.v201107221519.jar   Bundle "org.eclipse.datatools.modelbase.dbdefinition" version "1.0.2.v201107221519" has already been installed from: reference:file:/C:/Users/labry/Downloads/eclipse-jee-kepler-SR2-win32-x86_64/eclipse/plugins/org.eclipse.datatools.modelbase.dbdefinition_1.0.2.v201107221519.jar

!ENTRY org.eclipse.update.configurator 4 0 2014-10-02 15:47:26.290
!MESSAGE Could not install bundle plugins/org.eclipse.datatools.modelbase.derby_1.0.0.v201107221519.jar   Bundle "org.eclipse.datatools.modelbase.derby" version "1.0.0.v201107221519" has already been installed from: reference:file:/C:/Users/labry/Downloads/eclipse-jee-kepler-SR2-win32-x86_64/eclipse/plugins/org.eclipse.datatools.modelbase.derby_1.0.0.v201107221519.jar

!ENTRY org.eclipse.update.configurator 4 0 2014-10-02 15:47:26.292
!MESSAGE Could not install bundle plugins/org.eclipse.datatools.modelbase.sql.edit_1.0.2.v201208230744.jar   Bundle "org.eclipse.datatools.modelbase.sql.edit" version "1.0.2.v201208230744" has already been installed from: reference:file:/C:/Users/labry/Downloads/eclipse-jee-kepler-SR2-win32-x86_64/eclipse/plugins/org.eclipse.datatools.modelbase.sql.edit_1.0.2.v201208230744.jar

!ENTRY org.eclipse.update.configurator 4 0 2014-10-02 15:47:26.294
!MESSAGE Could not install bundle plugins/org.eclipse.datatools.modelbase.sql.query.edit_1.0.1.v201110151245.jar   Bundle "org.eclipse.datatools.modelbase.sql.query.edit" version "1.0.1.v201110151245" has already been installed from: reference:file:/C:/Users/labry/Downloads/eclipse-jee-kepler-SR2-win32-x86_64/eclipse/plugins/org.eclipse.datatools.modelbase.sql.query.edit_1.0.1.v201110151245.jar

!ENTRY org.eclipse.update.configurator 4 0 2014-10-02 15:47:26.295
!MESSAGE Could not install bundle plugins/org.eclipse.datatools.modelbase.sql.query_1.1.4.v201212120619.jar   Bundle "org.eclipse.datatools.modelbase.sql.query" version "1.1.4.v201212120619" has already been installed from: reference:file:/C:/Users/labry/Downloads/eclipse-jee-kepler-SR2-win32-x86_64/eclipse/plugins/org.eclipse.datatools.modelbase.sql.query_1.1.4.v201212120619.jar

!ENTRY org.eclipse.update.configurator 4 0 2014-10-02 15:47:26.297
!MESSAGE Could not install bundle plugins/org.eclipse.datatools.modelbase.sql.xml.query_1.0.2.v201201131123.jar   Bundle "org.eclipse.datatools.modelbase.sql.xml.query" version "1.0.2.v201201131123" has already been installed from: reference:file:/C:/Users/labry/Downloads/eclipse-jee-kepler-SR2-win32-x86_64/eclipse/plugins/org.eclipse.datatools.modelbase.sql.xml.query_1.0.2.v201201131123.jar

!ENTRY org.eclipse.update.configurator 4 0 2014-10-02 15:47:26.299
!MESSAGE Could not install bundle plugins/org.eclipse.datatools.modelbase.sql_1.0.6.v201208230744.jar   Bundle "org.eclipse.datatools.modelbase.sql" version "1.0.6.v201208230744" has already been installed from: reference:file:/C:/Users/labry/Downloads/eclipse-jee-kepler-SR2-win32-x86_64/eclipse/plugins/org.eclipse.datatools.modelbase.sql_1.0.6.v201208230744.jar

!ENTRY org.eclipse.update.configurator 4 0 2014-10-02 15:47:26.301
!MESSAGE Could not install bundle plugins/org.eclipse.datatools.oda.cshelp_1.1.2.v201309200751.jar   Bundle "org.eclipse.datatools.oda.cshelp" version "1.1.2.v201309200751" has already been installed from: reference:file:/C:/Users/labry/Downloads/eclipse-jee-kepler-SR2-win32-x86_64/eclipse/plugins/org.eclipse.datatools.oda.cshelp_1.1.2.v201309200751.jar

!ENTRY org.eclipse.update.configurator 4 0 2014-10-02 15:47:26.304
!MESSAGE Could not install bundle plugins/org.eclipse.datatools.sqltools.common.ui_1.0.1.v201212120623.jar   Bundle "org.eclipse.datatools.sqltools.common.ui" version "1.0.1.v201212120623" has already been installed from: reference:file:/C:/Users/labry/Downloads/eclipse-jee-kepler-SR2-win32-x86_64/eclipse/plugins/org.eclipse.datatools.sqltools.common.ui_1.0.1.v201212120623.jar

!ENTRY org.eclipse.update.configurator 4 0 2014-10-02 15:47:26.306
!MESSAGE Could not install bundle plugins/org.eclipse.datatools.sqltools.data.core_1.2.3.v201212120623.jar   Bundle "org.eclipse.datatools.sqltools.data.core" version "1.2.3.v201212120623" has already been installed from: reference:file:/C:/Users/labry/Downloads/eclipse-jee-kepler-SR2-win32-x86_64/eclipse/plugins/org.eclipse.datatools.sqltools.data.core_1.2.3.v201212120623.jar

!ENTRY org.eclipse.update.configurator 4 0 2014-10-02 15:47:26.308
!MESSAGE Could not install bundle plugins/org.eclipse.datatools.sqltools.data.ui_1.2.2.v201212120623.jar   Bundle "org.eclipse.datatools.sqltools.data.ui" version "1.2.2.v201212120623" has already been installed from: reference:file:/C:/Users/labry/Downloads/eclipse-jee-kepler-SR2-win32-x86_64/eclipse/plugins/org.eclipse.datatools.sqltools.data.ui_1.2.2.v201212120623.jar

!ENTRY org.eclipse.update.configurator 4 0 2014-10-02 15:47:26.310
!MESSAGE Could not install bundle plugins/org.eclipse.datatools.sqltools.db.derby.ui_1.0.0.v200906020900.jar   Bundle "org.eclipse.datatools.sqltools.db.derby.ui" version "1.0.0.v200906020900" has already been installed from: reference:file:/C:/Users/labry/Downloads/eclipse-jee-kepler-SR2-win32-x86_64/eclipse/plugins/org.eclipse.datatools.sqltools.db.derby.ui_1.0.0.v200906020900.jar

!ENTRY org.eclipse.update.configurator 4 0 2014-10-02 15:47:26.312
!MESSAGE Could not install bundle plugins/org.eclipse.datatools.sqltools.db.derby_1.0.0.v201107221520.jar   Bundle "org.eclipse.datatools.sqltools.db.derby" version "1.0.0.v201107221520" has already been installed from: reference:file:/C:/Users/labry/Downloads/eclipse-jee-kepler-SR2-win32-x86_64/eclipse/plugins/org.eclipse.datatools.sqltools.db.derby_1.0.0.v201107221520.jar

!ENTRY org.eclipse.update.configurator 4 0 2014-10-02 15:47:26.313
!MESSAGE Could not install bundle plugins/org.eclipse.datatools.sqltools.db.generic.ui_1.0.0.v200906020900.jar   Bundle "org.eclipse.datatools.sqltools.db.generic.ui" version "1.0.0.v200906020900" has already been installed from: reference:file:/C:/Users/labry/Downloads/eclipse-jee-kepler-SR2-win32-x86_64/eclipse/plugins/org.eclipse.datatools.sqltools.db.generic.ui_1.0.0.v200906020900.jar

!ENTRY org.eclipse.update.configurator 4 0 2014-10-02 15:47:26.315
!MESSAGE Could not install bundle plugins/org.eclipse.datatools.sqltools.db.generic_1.0.0.v201107221520.jar   Bundle "org.eclipse.datatools.sqltools.db.generic" version "1.0.0.v201107221520" has already been installed from: reference:file:/C:/Users/labry/Downloads/eclipse-jee-kepler-SR2-win32-x86_64/eclipse/plugins/org.eclipse.datatools.sqltools.db.generic_1.0.0.v201107221520.jar

!ENTRY org.eclipse.update.configurator 4 0 2014-10-02 15:47:26.317
!MESSAGE Could not install bundle plugins/org.eclipse.datatools.sqltools.ddlgen.ui_1.0.3.v201211200616.jar   Bundle "org.eclipse.datatools.sqltools.ddlgen.ui" version "1.0.3.v201211200616" has already been installed from: reference:file:/C:/Users/labry/Downloads/eclipse-jee-kepler-SR2-win32-x86_64/eclipse/plugins/org.eclipse.datatools.sqltools.ddlgen.ui_1.0.3.v201211200616.jar

!ENTRY org.eclipse.update.configurator 4 0 2014-10-02 15:47:26.319
!MESSAGE Could not install bundle plugins/org.eclipse.datatools.sqltools.debugger.core.ui_1.0.0.v201003161000.jar   Bundle "org.eclipse.datatools.sqltools.debugger.core.ui" version "1.0.0.v201003161000" has already been installed from: reference:file:/C:/Users/labry/Downloads/eclipse-jee-kepler-SR2-win32-x86_64/eclipse/plugins/org.eclipse.datatools.sqltools.debugger.core.ui_1.0.0.v201003161000.jar

!ENTRY org.eclipse.update.configurator 4 0 2014-10-02 15:47:26.322
!MESSAGE Could not install bundle plugins/org.eclipse.datatools.sqltools.debugger.core_1.0.1.v201107221520.jar   Bundle "org.eclipse.datatools.sqltools.debugger.core" version "1.0.1.v201107221520" has already been installed from: reference:file:/C:/Users/labry/Downloads/eclipse-jee-kepler-SR2-win32-x86_64/eclipse/plugins/org.eclipse.datatools.sqltools.debugger.core_1.0.1.v201107221520.jar

!ENTRY org.eclipse.update.configurator 4 0 2014-10-02 15:47:26.323
!MESSAGE Could not install bundle plugins/org.eclipse.datatools.sqltools.doc.user.contexts_1.7.0.20090521092446.jar   Bundle "org.eclipse.datatools.sqltools.doc.user.contexts" version "1.7.0.20090521092446" has already been installed from: reference:file:/C:/Users/labry/Downloads/eclipse-jee-kepler-SR2-win32-x86_64/eclipse/plugins/org.eclipse.datatools.sqltools.doc.user.contexts_1.7.0.20090521092446.jar

!ENTRY org.eclipse.update.configurator 4 0 2014-10-02 15:47:26.325
!MESSAGE Could not install bundle plugins/org.eclipse.datatools.sqltools.doc.user_1.7.0.20090521092446.jar   Bundle "org.eclipse.datatools.sqltools.doc.user" version "1.7.0.20090521092446" has already been installed from: reference:file:/C:/Users/labry/Downloads/eclipse-jee-kepler-SR2-win32-x86_64/eclipse/plugins/org.eclipse.datatools.sqltools.doc.user_1.7.0.20090521092446.jar

!ENTRY org.eclipse.update.configurator 4 0 2014-10-02 15:47:26.327
!MESSAGE Could not install bundle plugins/org.eclipse.datatools.sqltools.editor.core.ui_1.0.0.v201001150815.jar   Bundle "org.eclipse.datatools.sqltools.editor.core.ui" version "1.0.0.v201001150815" has already been installed from: reference:file:/C:/Users/labry/Downloads/eclipse-jee-kepler-SR2-win32-x86_64/eclipse/plugins/org.eclipse.datatools.sqltools.editor.core.ui_1.0.0.v201001150815.jar
