2014-10-02 15:52:39,743 [Worker-1] INFO  c.n.h.c.p.n.NettyAsyncHttpProvider - Number of application's worked threads is 16
2014-10-02 15:52:40,165 [New I/O client worker #1-1] INFO  o.e.m.c.i.e.AbstractTransferListenerAdapter - Downloading http://repo.maven.apache.org/maven2/junit/junit/4.8.1/junit-4.8.1.pom
2014-10-02 15:52:40,168 [New I/O client worker #1-1] INFO  o.e.m.c.i.e.AbstractTransferListenerAdapter - Downloaded http://repo.maven.apache.org/maven2/junit/junit/4.8.1/junit-4.8.1.pom
2014-10-02 15:52:40,331 [Worker-1] INFO  c.n.h.c.p.n.NettyAsyncHttpProvider - Number of application's worked threads is 16
2014-10-02 15:52:40,628 [New I/O client worker #2-1] INFO  o.e.m.c.i.e.AbstractTransferListenerAdapter - Downloading http://repo.maven.apache.org/maven2/org/slf4j/slf4j-api/1.7.2/slf4j-api-1.7.2.pom
2014-10-02 15:52:40,629 [New I/O client worker #2-1] INFO  o.e.m.c.i.e.AbstractTransferListenerAdapter - Downloaded http://repo.maven.apache.org/maven2/org/slf4j/slf4j-api/1.7.2/slf4j-api-1.7.2.pom
2014-10-02 15:52:40,785 [Worker-1] INFO  c.n.h.c.p.n.NettyAsyncHttpProvider - Number of application's worked threads is 16
2014-10-02 15:52:41,082 [New I/O client worker #3-1] INFO  o.e.m.c.i.e.AbstractTransferListenerAdapter - Downloading http://repo.maven.apache.org/maven2/org/slf4j/slf4j-parent/1.7.2/slf4j-parent-1.7.2.pom
2014-10-02 15:52:41,084 [New I/O client worker #3-1] INFO  o.e.m.c.i.e.AbstractTransferListenerAdapter - Downloaded http://repo.maven.apache.org/maven2/org/slf4j/slf4j-parent/1.7.2/slf4j-parent-1.7.2.pom
2014-10-02 15:52:41,280 [Worker-1] INFO  c.n.h.c.p.n.NettyAsyncHttpProvider - Number of application's worked threads is 16
2014-10-02 15:52:41,578 [New I/O client worker #4-1] INFO  o.e.m.c.i.e.AbstractTransferListenerAdapter - Downloading http://repo.maven.apache.org/maven2/ch/qos/logback/logback-classic/1.0.7/logback-classic-1.0.7.pom
2014-10-02 15:52:41,583 [New I/O client worker #4-1] INFO  o.e.m.c.i.e.AbstractTransferListenerAdapter - Downloaded http://repo.maven.apache.org/maven2/ch/qos/logback/logback-classic/1.0.7/logback-classic-1.0.7.pom
2014-10-02 15:52:41,747 [Worker-1] INFO  c.n.h.c.p.n.NettyAsyncHttpProvider - Number of application's worked threads is 16
2014-10-02 15:52:42,055 [New I/O client worker #5-1] INFO  o.e.m.c.i.e.AbstractTransferListenerAdapter - Downloading http://repo.maven.apache.org/maven2/ch/qos/logback/logback-parent/1.0.7/logback-parent-1.0.7.pom
2014-10-02 15:52:42,203 [New I/O client worker #5-1] INFO  o.e.m.c.i.e.AbstractTransferListenerAdapter - Downloaded http://repo.maven.apache.org/maven2/ch/qos/logback/logback-parent/1.0.7/logback-parent-1.0.7.pom
2014-10-02 15:52:42,401 [Worker-1] INFO  c.n.h.c.p.n.NettyAsyncHttpProvider - Number of application's worked threads is 16
2014-10-02 15:52:42,699 [New I/O client worker #6-1] INFO  o.e.m.c.i.e.AbstractTransferListenerAdapter - Downloading http://repo.maven.apache.org/maven2/ch/qos/logback/logback-core/1.0.7/logback-core-1.0.7.pom
2014-10-02 15:52:42,702 [New I/O client worker #6-1] INFO  o.e.m.c.i.e.AbstractTransferListenerAdapter - Downloaded http://repo.maven.apache.org/maven2/ch/qos/logback/logback-core/1.0.7/logback-core-1.0.7.pom
2014-10-02 15:52:42,912 [Worker-1] INFO  c.n.h.c.p.n.NettyAsyncHttpProvider - Number of application's worked threads is 16
2014-10-02 15:52:43,209 [New I/O client worker #7-1] INFO  o.e.m.c.i.e.AbstractTransferListenerAdapter - Downloading http://repo.maven.apache.org/maven2/org/slf4j/slf4j-api/1.6.6/slf4j-api-1.6.6.pom
2014-10-02 15:52:43,212 [New I/O client worker #7-1] INFO  o.e.m.c.i.e.AbstractTransferListenerAdapter - Downloaded http://repo.maven.apache.org/maven2/org/slf4j/slf4j-api/1.6.6/slf4j-api-1.6.6.pom
2014-10-02 15:52:43,387 [Worker-1] INFO  c.n.h.c.p.n.NettyAsyncHttpProvider - Number of application's worked threads is 16
2014-10-02 15:52:43,687 [New I/O client worker #8-1] INFO  o.e.m.c.i.e.AbstractTransferListenerAdapter - Downloading http://repo.maven.apache.org/maven2/org/slf4j/slf4j-parent/1.6.6/slf4j-parent-1.6.6.pom
2014-10-02 15:52:43,689 [New I/O client worker #8-1] INFO  o.e.m.c.i.e.AbstractTransferListenerAdapter - Downloaded http://repo.maven.apache.org/maven2/org/slf4j/slf4j-parent/1.6.6/slf4j-parent-1.6.6.pom
2014-10-02 15:52:43,850 [Worker-1] INFO  c.n.h.c.p.n.NettyAsyncHttpProvider - Number of application's worked threads is 16
2014-10-02 15:52:44,140 [New I/O client worker #9-1] INFO  o.e.m.c.i.e.AbstractTransferListenerAdapter - Downloading http://repo.maven.apache.org/maven2/junit/junit/4.8.1/junit-4.8.1.jar
2014-10-02 15:52:44,141 [New I/O client worker #9-4] INFO  o.e.m.c.i.e.AbstractTransferListenerAdapter - Downloading http://repo.maven.apache.org/maven2/ch/qos/logback/logback-core/1.0.7/logback-core-1.0.7.jar
2014-10-02 15:52:44,143 [New I/O client worker #9-3] INFO  o.e.m.c.i.e.AbstractTransferListenerAdapter - Downloading http://repo.maven.apache.org/maven2/ch/qos/logback/logback-classic/1.0.7/logback-classic-1.0.7.jar
2014-10-02 15:52:44,147 [New I/O client worker #9-2] INFO  o.e.m.c.i.e.AbstractTransferListenerAdapter - Downloading http://repo.maven.apache.org/maven2/org/slf4j/slf4j-api/1.7.2/slf4j-api-1.7.2.jar
2014-10-02 15:52:44,208 [Worker-2] INFO  c.n.h.c.p.n.NettyAsyncHttpProvider - Number of application's worked threads is 16
2014-10-02 15:52:44,210 [Worker-2] INFO  c.n.h.c.p.n.NettyAsyncHttpProvider - Number of application's worked threads is 16
2014-10-02 15:52:44,220 [Worker-2] INFO  c.n.h.c.p.n.NettyAsyncHttpProvider - Number of application's worked threads is 16
2014-10-02 15:52:44,223 [Worker-2] INFO  c.n.h.c.p.n.NettyAsyncHttpProvider - Number of application's worked threads is 16
2014-10-02 15:52:44,227 [Worker-2] INFO  c.n.h.c.p.n.NettyAsyncHttpProvider - Number of application's worked threads is 16
2014-10-02 15:52:44,296 [New I/O client worker #9-2] INFO  o.e.m.c.i.e.AbstractTransferListenerAdapter - Downloaded http://repo.maven.apache.org/maven2/org/slf4j/slf4j-api/1.7.2/slf4j-api-1.7.2.jar
2014-10-02 15:52:44,509 [New I/O client worker #11-1] INFO  o.e.m.c.i.e.AbstractTransferListenerAdapter - Downloading http://repo.maven.apache.org/maven2/junit/junit/4.8.1/junit-4.8.1.jar
2014-10-02 15:52:44,516 [New I/O client worker #12-1] INFO  o.e.m.c.i.e.AbstractTransferListenerAdapter - Downloading http://repo.maven.apache.org/maven2/org/slf4j/slf4j-api/1.7.2/slf4j-api-1.7.2.jar
2014-10-02 15:52:44,520 [New I/O client worker #13-1] INFO  o.e.m.c.i.e.AbstractTransferListenerAdapter - Downloading http://repo.maven.apache.org/maven2/ch/qos/logback/logback-classic/1.0.7/logback-classic-1.0.7.jar
2014-10-02 15:52:44,521 [New I/O client worker #14-1] INFO  o.e.m.c.i.e.AbstractTransferListenerAdapter - Downloading http://repo.maven.apache.org/maven2/ch/qos/logback/logback-core/1.0.7/logback-core-1.0.7.jar
2014-10-02 15:52:45,006 [New I/O client worker #9-1] INFO  o.e.m.c.i.e.AbstractTransferListenerAdapter - Downloaded http://repo.maven.apache.org/maven2/junit/junit/4.8.1/junit-4.8.1.jar
2014-10-02 15:52:45,027 [New I/O client worker #9-3] INFO  o.e.m.c.i.e.AbstractTransferListenerAdapter - Downloaded http://repo.maven.apache.org/maven2/ch/qos/logback/logback-classic/1.0.7/logback-classic-1.0.7.jar
2014-10-02 15:52:45,161 [New I/O client worker #9-4] INFO  o.e.m.c.i.e.AbstractTransferListenerAdapter - Downloaded http://repo.maven.apache.org/maven2/ch/qos/logback/logback-core/1.0.7/logback-core-1.0.7.jar
2014-10-02 15:52:45,289 [Worker-5] INFO  c.n.h.c.p.n.NettyAsyncHttpProvider - Number of application's worked threads is 16
2014-10-02 15:52:45,584 [New I/O client worker #15-1] INFO  o.e.m.c.i.e.AbstractTransferListenerAdapter - Downloading http://repo.maven.apache.org/maven2/ch/qos/logback/logback-core/1.0.7/logback-core-1.0.7.jar
2014-10-02 15:52:47,795 [New I/O client worker #15-1] INFO  o.e.m.c.i.e.AbstractTransferListenerAdapter - Downloaded http://repo.maven.apache.org/maven2/ch/qos/logback/logback-core/1.0.7/logback-core-1.0.7.jar
